[2022-09-30T23:11:11.404Z] Log level: Info
[2022-09-30T23:11:11.410Z] [info] Validating found git in: git
[2022-09-30T23:11:11.462Z] [info] Using git 2.30.2 from git
[2022-09-30T23:11:11.482Z] > git rev-parse --show-toplevel [4ms]
[2022-09-30T23:11:11.482Z] fatal: not a git repository (or any of the parent directories): .git
[2022-09-30T23:11:11.491Z] > git rev-parse --show-toplevel [1ms]
[2022-09-30T23:11:11.491Z] fatal: not a git repository (or any of the parent directories): .git
[2022-09-30T23:11:11.497Z] > git rev-parse --show-toplevel [2ms]
[2022-09-30T23:11:11.497Z] fatal: not a git repository (or any of the parent directories): .git
[2022-09-30T23:11:11.503Z] > git rev-parse --show-toplevel [2ms]
[2022-09-30T23:11:11.503Z] fatal: not a git repository (or any of the parent directories): .git
[2022-09-30T23:11:11.509Z] > git rev-parse --show-toplevel [2ms]
[2022-09-30T23:11:11.509Z] fatal: not a git repository (or any of the parent directories): .git
[2022-09-30T23:11:11.514Z] > git rev-parse --show-toplevel [1ms]
[2022-09-30T23:11:11.514Z] fatal: not a git repository (or any of the parent directories): .git
[2022-09-30T23:11:11.519Z] > git rev-parse --show-toplevel [1ms]
[2022-09-30T23:11:11.525Z] > git rev-parse --git-dir --git-common-dir [1ms]
[2022-09-30T23:11:11.533Z] [info] Open repository: /home/coder/My-blog
[2022-09-30T23:11:11.548Z] > git status -z -uall [7ms]
[2022-09-30T23:11:11.554Z] > git symbolic-ref --short HEAD [1ms]
[2022-09-30T23:11:11.561Z] > git for-each-ref --format=%(refname)%00%(upstream:short)%00%(objectname)%00%(upstream:track)%00%(upstream:remotename)%00%(upstream:remoteref) refs/heads/master refs/remotes/master [2ms]
[2022-09-30T23:11:11.571Z] > git remote --verbose [1ms]
[2022-09-30T23:11:11.572Z] > git for-each-ref --sort -committerdate --format %(refname) %(objectname) %(*objectname) [6ms]
[2022-09-30T23:11:11.585Z] > git config --get commit.template [0ms]
[2022-09-30T23:11:11.594Z] > git status -z -uall [2ms]
[2022-09-30T23:11:11.601Z] > git symbolic-ref --short HEAD [3ms]
[2022-09-30T23:11:11.607Z] > git for-each-ref --format=%(refname)%00%(upstream:short)%00%(objectname)%00%(upstream:track)%00%(upstream:remotename)%00%(upstream:remoteref) refs/heads/master refs/remotes/master [2ms]
[2022-09-30T23:11:11.617Z] > git for-each-ref --sort -committerdate --format %(refname) %(objectname) %(*objectname) [6ms]
[2022-09-30T23:11:11.617Z] > git remote --verbose [2ms]
[2022-09-30T23:11:11.625Z] > git config --get commit.template [1ms]
[2022-09-30T23:11:12.067Z] > git check-ignore -v -z --stdin [2ms]
[2022-09-30T23:11:16.889Z] > git check-ignore -v -z --stdin [1ms]
[2022-09-30T23:24:42.517Z] > git check-ignore -v -z --stdin [1ms]
[2022-09-30T23:24:45.514Z] > git check-ignore -v -z --stdin [1ms]
[2022-09-30T23:24:47.885Z] > git show --textconv :src/logo.svg [8ms]
[2022-09-30T23:24:47.886Z] > git ls-files --stage -- /home/coder/My-blog/src/logo.svg [2ms]
[2022-09-30T23:24:47.892Z] > git cat-file -s 9dfc1c058cebbef8b891c5062be6f31033d7d186 [1ms]
[2022-09-30T23:24:50.187Z] > git show --textconv :src/logo.svg [5ms]
[2022-09-30T23:24:50.188Z] > git ls-files --stage -- /home/coder/My-blog/src/logo.svg [2ms]
[2022-09-30T23:24:50.192Z] > git cat-file -s 9dfc1c058cebbef8b891c5062be6f31033d7d186 [1ms]
[2022-09-30T23:24:51.169Z] > git show --textconv :src/logo.svg [5ms]
[2022-09-30T23:24:51.170Z] > git ls-files --stage -- /home/coder/My-blog/src/logo.svg [2ms]
[2022-09-30T23:24:51.174Z] > git cat-file -s 9dfc1c058cebbef8b891c5062be6f31033d7d186 [1ms]
[2022-09-30T23:24:53.241Z] > git show --textconv :src/logo.svg [5ms]
[2022-09-30T23:24:53.242Z] > git ls-files --stage -- /home/coder/My-blog/src/logo.svg [2ms]
[2022-09-30T23:24:53.247Z] > git cat-file -s 9dfc1c058cebbef8b891c5062be6f31033d7d186 [2ms]
[2022-09-30T23:24:54.153Z] > git show --textconv :src/logo.svg [5ms]
[2022-09-30T23:24:54.154Z] > git ls-files --stage -- /home/coder/My-blog/src/logo.svg [1ms]
[2022-09-30T23:24:54.158Z] > git cat-file -s 9dfc1c058cebbef8b891c5062be6f31033d7d186 [1ms]
[2022-09-30T23:24:58.333Z] > git show --textconv :src/App.js [9ms]
[2022-09-30T23:24:58.336Z] > git ls-files --stage -- /home/coder/My-blog/src/App.js [4ms]
[2022-09-30T23:24:58.346Z] > git cat-file -s bb8980f3e96975c767c519667bd6634c814e19af [1ms]
[2022-09-30T23:25:01.480Z] > git show --textconv :src/App.js [8ms]
[2022-09-30T23:25:01.485Z] > git ls-files --stage -- /home/coder/My-blog/src/App.js [6ms]
[2022-09-30T23:25:01.491Z] > git cat-file -s bb8980f3e96975c767c519667bd6634c814e19af [1ms]
[2022-09-30T23:38:04.875Z] > git show --textconv :src/logo.svg [6ms]
[2022-09-30T23:38:04.876Z] > git ls-files --stage -- /home/coder/My-blog/src/logo.svg [2ms]
[2022-09-30T23:38:04.882Z] > git cat-file -s 9dfc1c058cebbef8b891c5062be6f31033d7d186 [1ms]
[2022-09-30T23:38:35.908Z] > git show --textconv :src/App.js [6ms]
[2022-09-30T23:38:35.908Z] > git ls-files --stage -- /home/coder/My-blog/src/App.js [2ms]
[2022-09-30T23:38:35.914Z] > git cat-file -s bb8980f3e96975c767c519667bd6634c814e19af [2ms]
[2022-09-30T23:51:04.569Z] > git show --textconv :package.json [19ms]
[2022-09-30T23:51:04.569Z] > git ls-files --stage -- /home/coder/My-blog/package.json [13ms]
[2022-09-30T23:51:04.577Z] > git cat-file -s 4b11d1a1759a96a23a0d35cae3027961c0d0f178 [3ms]
[2022-10-01T00:03:47.443Z] > git show --textconv :src/App.js [8ms]
[2022-10-01T00:03:47.444Z] > git ls-files --stage -- /home/coder/My-blog/src/App.js [4ms]
[2022-10-01T00:03:47.450Z] > git cat-file -s bb8980f3e96975c767c519667bd6634c814e19af [1ms]
