[2022-10-09 08:23:47.879] [exthost] [info] Extension host with pid 1643 started
[2022-10-09 08:23:47.883] [exthost] [error] Error: EEXIST: file already exists, open '/home/coder/.local/share/code-server/User/workspaceStorage/6a59749/vscode.lock'
[2022-10-09 08:23:47.887] [exthost] [info] Lock '/home/coder/.local/share/code-server/User/workspaceStorage/6a59749/vscode.lock': Could not acquire lock, checking if the file is stale.
[2022-10-09 08:23:47.893] [exthost] [info] Lock '/home/coder/.local/share/code-server/User/workspaceStorage/6a59749/vscode.lock': The pid 61 appears to be gone.
[2022-10-09 08:23:47.893] [exthost] [info] Lock '/home/coder/.local/share/code-server/User/workspaceStorage/6a59749/vscode.lock': Deleting a stale lock.
[2022-10-09 08:23:47.929] [exthost] [info] Lock '/home/coder/.local/share/code-server/User/workspaceStorage/6a59749/vscode.lock': Lock acquired.
[2022-10-09 08:23:48.342] [exthost] [info] ExtensionService#_doActivateExtension vscode.debug-auto-launch, startup: true, activationEvent: '*'
[2022-10-09 08:23:48.348] [exthost] [info] ExtensionService#_doActivateExtension vscode.git-base, startup: true, activationEvent: '*', root cause: vscode.git
[2022-10-09 08:23:48.352] [exthost] [info] ExtensionService#_doActivateExtension vscode.ipynb, startup: true, activationEvent: '*'
[2022-10-09 08:23:48.694] [exthost] [info] ExtensionService#_doActivateExtension vscode.git, startup: true, activationEvent: '*'
[2022-10-09 08:23:48.778] [exthost] [info] ExtensionService#_doActivateExtension vscode.github, startup: true, activationEvent: '*'
[2022-10-09 08:23:48.946] [exthost] [info] ExtensionService#_doActivateExtension vscode.emmet, startup: false, activationEvent: 'onStartupFinished'
[2022-10-09 08:23:48.964] [exthost] [info] ExtensionService#_doActivateExtension vscode.merge-conflict, startup: false, activationEvent: 'onStartupFinished'
[2022-10-09 08:23:48.969] [exthost] [info] ExtensionService#_doActivateExtension ritwickdey.LiveServer, startup: false, activationEvent: 'onStartupFinished'
[2022-10-09 08:23:48.976] [exthost] [info] Eager extensions activated
[2022-10-09 08:23:57.891] [exthost] [info] ExtensionService#_doActivateExtension vscode.typescript-language-features, startup: false, activationEvent: 'onLanguage:javascript'
[2022-10-09 08:24:58.491] [exthost] [info] ExtensionService#_doActivateExtension vscode.css-language-features, startup: false, activationEvent: 'onLanguage:css'
[2022-10-09 08:27:24.770] [exthost] [info] Extension host terminating: received terminate message from renderer
[2022-10-09 08:27:24.771] [exthost] [info] Lock '/home/coder/.local/share/code-server/User/workspaceStorage/6a59749/vscode.lock': Marking the lockfile as scheduled to be released in 6000 ms.
[2022-10-09 08:27:24.818] [exthost] [info] Extension host with pid 1643 exiting with code 0
