[2022-10-11T14:25:55.339Z] Log level: Info
[2022-10-11T14:25:55.347Z] [info] Validating found git in: git
[2022-10-11T14:25:55.386Z] [info] Using git 2.30.2 from git
[2022-10-11T14:25:55.417Z] > git rev-parse --show-toplevel [10ms]
[2022-10-11T14:25:55.417Z] fatal: not a git repository (or any of the parent directories): .git
[2022-10-11T14:25:55.426Z] > git rev-parse --show-toplevel [1ms]
[2022-10-11T14:25:55.426Z] fatal: not a git repository (or any of the parent directories): .git
[2022-10-11T14:26:02.985Z] > git rev-parse --show-toplevel [2ms]
[2022-10-11T14:26:02.997Z] > git rev-parse --git-dir --git-common-dir [8ms]
[2022-10-11T14:26:03.006Z] [info] Open repository: /home/coder/My-blog
[2022-10-11T14:26:03.015Z] > git status -z -uall [2ms]
[2022-10-11T14:26:03.020Z] > git symbolic-ref --short HEAD [1ms]
[2022-10-11T14:26:03.026Z] > git for-each-ref --format=%(refname)%00%(upstream:short)%00%(objectname)%00%(upstream:track)%00%(upstream:remotename)%00%(upstream:remoteref) refs/heads/master refs/remotes/master [2ms]
[2022-10-11T14:26:03.035Z] > git remote --verbose [1ms]
[2022-10-11T14:26:03.036Z] > git for-each-ref --sort -committerdate --format %(refname) %(objectname) %(*objectname) [6ms]
[2022-10-11T14:26:03.051Z] > git config --get commit.template [2ms]
[2022-10-11T14:26:03.058Z] > git status -z -uall [2ms]
[2022-10-11T14:26:03.063Z] > git symbolic-ref --short HEAD [1ms]
[2022-10-11T14:26:03.068Z] > git for-each-ref --format=%(refname)%00%(upstream:short)%00%(objectname)%00%(upstream:track)%00%(upstream:remotename)%00%(upstream:remoteref) refs/heads/master refs/remotes/master [2ms]
[2022-10-11T14:26:03.076Z] > git for-each-ref --sort -committerdate --format %(refname) %(objectname) %(*objectname) [5ms]
[2022-10-11T14:26:03.076Z] > git remote --verbose [1ms]
[2022-10-11T14:26:03.084Z] > git config --get commit.template [2ms]
[2022-10-11T14:26:03.902Z] > git check-ignore -v -z --stdin [4ms]
[2022-10-11T14:26:04.670Z] > git ls-files --stage -- /home/coder/My-blog/src/App.js [4ms]
[2022-10-11T14:26:04.676Z] > git show --textconv :src/App.js [18ms]
[2022-10-11T14:26:04.682Z] > git cat-file -s 88c7925fafa3272b285bccdda8ad7b8475ea1d95 [6ms]
[2022-10-11T14:26:14.172Z] > git show --textconv :src/index.css [6ms]
[2022-10-11T14:26:14.173Z] > git ls-files --stage -- /home/coder/My-blog/src/index.css [2ms]
[2022-10-11T14:26:14.179Z] > git cat-file -s ec2585e8c0bb8188184ed1e0703c4c8f2a8419b0 [2ms]
[2022-10-11T14:26:15.004Z] > git show --textconv :src/App.js [13ms]
[2022-10-11T14:26:15.007Z] > git ls-files --stage -- /home/coder/My-blog/src/App.js [4ms]
[2022-10-11T14:26:15.013Z] > git cat-file -s 88c7925fafa3272b285bccdda8ad7b8475ea1d95 [2ms]
[2022-10-11T14:26:15.999Z] > git show --textconv :src/App.test.js [6ms]
[2022-10-11T14:26:16.000Z] > git ls-files --stage -- /home/coder/My-blog/src/App.test.js [2ms]
[2022-10-11T14:26:16.006Z] > git cat-file -s 1f03afeece5ac28064fa3c73a29215037465f789 [2ms]
[2022-10-11T14:26:16.841Z] > git show --textconv :src/App.js [16ms]
[2022-10-11T14:26:16.843Z] > git ls-files --stage -- /home/coder/My-blog/src/App.js [3ms]
[2022-10-11T14:26:16.862Z] > git cat-file -s 88c7925fafa3272b285bccdda8ad7b8475ea1d95 [2ms]
[2022-10-11T14:26:22.299Z] > git show --textconv :package.json [8ms]
[2022-10-11T14:26:22.312Z] > git ls-files --stage -- /home/coder/My-blog/package.json [15ms]
[2022-10-11T14:26:22.332Z] > git cat-file -s 6aa486a2ab7c96c7cdc48754089caaa646e0615e [16ms]
[2022-10-11T14:28:32.480Z] > git check-ignore -v -z --stdin [1ms]
