[2022-10-05T11:11:20.056Z] Log level: Info
[2022-10-05T11:11:20.063Z] [info] Validating found git in: git
[2022-10-05T11:11:20.099Z] [info] Using git 2.30.2 from git
[2022-10-05T11:11:20.132Z] > git rev-parse --show-toplevel [10ms]
[2022-10-05T11:11:20.132Z] fatal: not a git repository (or any of the parent directories): .git
[2022-10-05T11:11:20.141Z] > git rev-parse --show-toplevel [2ms]
[2022-10-05T11:11:20.141Z] fatal: not a git repository (or any of the parent directories): .git
[2022-10-05T11:11:20.148Z] > git rev-parse --show-toplevel [2ms]
[2022-10-05T11:11:20.148Z] fatal: not a git repository (or any of the parent directories): .git
[2022-10-05T11:11:20.152Z] > git rev-parse --show-toplevel [1ms]
[2022-10-05T11:11:20.153Z] fatal: not a git repository (or any of the parent directories): .git
[2022-10-05T11:11:20.157Z] > git rev-parse --show-toplevel [1ms]
[2022-10-05T11:11:20.157Z] fatal: not a git repository (or any of the parent directories): .git
[2022-10-05T11:11:20.163Z] > git rev-parse --show-toplevel [1ms]
[2022-10-05T11:11:20.163Z] fatal: not a git repository (or any of the parent directories): .git
[2022-10-05T11:11:20.168Z] > git rev-parse --show-toplevel [1ms]
[2022-10-05T11:11:20.173Z] > git rev-parse --git-dir --git-common-dir [1ms]
[2022-10-05T11:11:20.182Z] [info] Open repository: /home/coder/My-blog
[2022-10-05T11:11:20.193Z] > git status -z -uall [1ms]
[2022-10-05T11:11:20.198Z] > git symbolic-ref --short HEAD [1ms]
[2022-10-05T11:11:20.210Z] > git for-each-ref --format=%(refname)%00%(upstream:short)%00%(objectname)%00%(upstream:track)%00%(upstream:remotename)%00%(upstream:remoteref) refs/heads/master refs/remotes/master [8ms]
[2022-10-05T11:11:20.219Z] > git remote --verbose [2ms]
[2022-10-05T11:11:20.220Z] > git for-each-ref --sort -committerdate --format %(refname) %(objectname) %(*objectname) [6ms]
[2022-10-05T11:11:20.233Z] > git config --get commit.template [1ms]
[2022-10-05T11:11:20.241Z] > git status -z -uall [2ms]
[2022-10-05T11:11:20.247Z] > git symbolic-ref --short HEAD [3ms]
[2022-10-05T11:11:20.256Z] > git for-each-ref --format=%(refname)%00%(upstream:short)%00%(objectname)%00%(upstream:track)%00%(upstream:remotename)%00%(upstream:remoteref) refs/heads/master refs/remotes/master [6ms]
[2022-10-05T11:11:20.265Z] > git for-each-ref --sort -committerdate --format %(refname) %(objectname) %(*objectname) [5ms]
[2022-10-05T11:11:20.266Z] > git remote --verbose [2ms]
[2022-10-05T11:11:20.273Z] > git config --get commit.template [2ms]
[2022-10-05T11:11:20.736Z] > git check-ignore -v -z --stdin [2ms]
[2022-10-05T11:11:24.539Z] > git check-ignore -v -z --stdin [1ms]
[2022-10-05T11:11:25.401Z] > git check-ignore -v -z --stdin [1ms]
[2022-10-05T11:11:26.418Z] > git show --textconv :src/App.js [16ms]
[2022-10-05T11:11:26.419Z] > git ls-files --stage -- /home/coder/My-blog/src/App.js [8ms]
[2022-10-05T11:11:26.425Z] > git cat-file -s 88c7925fafa3272b285bccdda8ad7b8475ea1d95 [2ms]
[2022-10-05T11:41:24.163Z] > git ls-files --stage -- /home/coder/My-blog/src/App.css [1ms]
[2022-10-05T11:41:24.168Z] > git show --textconv :src/App.css [13ms]
[2022-10-05T11:41:24.169Z] > git cat-file -s ed04ba2ea3e2d14b560c11051c468c2b6fd750a4 [1ms]
[2022-10-05T11:43:16.010Z] > git show --textconv :src/App.js [5ms]
[2022-10-05T11:43:16.012Z] > git ls-files --stage -- /home/coder/My-blog/src/App.js [2ms]
[2022-10-05T11:43:16.019Z] > git cat-file -s 88c7925fafa3272b285bccdda8ad7b8475ea1d95 [1ms]
[2022-10-05T11:45:15.494Z] > git show --textconv :src/App.css [20ms]
[2022-10-05T11:45:15.499Z] > git ls-files --stage -- /home/coder/My-blog/src/App.css [10ms]
[2022-10-05T11:45:15.510Z] > git cat-file -s ed04ba2ea3e2d14b560c11051c468c2b6fd750a4 [2ms]
[2022-10-05T11:45:19.949Z] > git show --textconv :src/App.js [15ms]
[2022-10-05T11:45:19.951Z] > git ls-files --stage -- /home/coder/My-blog/src/App.js [3ms]
[2022-10-05T11:45:19.962Z] > git cat-file -s 88c7925fafa3272b285bccdda8ad7b8475ea1d95 [2ms]
[2022-10-05T11:45:26.035Z] > git show --textconv :src/App.css [8ms]
[2022-10-05T11:45:26.041Z] > git ls-files --stage -- /home/coder/My-blog/src/App.css [6ms]
[2022-10-05T11:45:26.050Z] > git cat-file -s ed04ba2ea3e2d14b560c11051c468c2b6fd750a4 [1ms]
[2022-10-05T11:45:31.960Z] > git show --textconv :src/App.js [11ms]
[2022-10-05T11:45:31.964Z] > git ls-files --stage -- /home/coder/My-blog/src/App.js [5ms]
[2022-10-05T11:45:31.974Z] > git cat-file -s 88c7925fafa3272b285bccdda8ad7b8475ea1d95 [2ms]
[2022-10-05T11:46:16.972Z] > git show --textconv :src/App.css [9ms]
[2022-10-05T11:46:16.973Z] > git ls-files --stage -- /home/coder/My-blog/src/App.css [2ms]
[2022-10-05T11:46:16.986Z] > git cat-file -s ed04ba2ea3e2d14b560c11051c468c2b6fd750a4 [4ms]
[2022-10-05T11:52:09.261Z] > git show --textconv :src/App.js [8ms]
[2022-10-05T11:52:09.261Z] > git ls-files --stage -- /home/coder/My-blog/src/App.js [2ms]
[2022-10-05T11:52:09.269Z] > git cat-file -s 88c7925fafa3272b285bccdda8ad7b8475ea1d95 [1ms]
[2022-10-05T12:03:35.266Z] > git ls-files --stage -- /home/coder/My-blog/src/App.css [5ms]
[2022-10-05T12:03:35.281Z] > git show --textconv :src/App.css [29ms]
[2022-10-05T12:03:35.282Z] > git cat-file -s ed04ba2ea3e2d14b560c11051c468c2b6fd750a4 [2ms]
[2022-10-05T12:04:13.448Z] > git show --textconv :src/App.js [14ms]
[2022-10-05T12:04:13.449Z] > git ls-files --stage -- /home/coder/My-blog/src/App.js [2ms]
[2022-10-05T12:04:13.463Z] > git cat-file -s 88c7925fafa3272b285bccdda8ad7b8475ea1d95 [5ms]
[2022-10-05T12:09:08.822Z] > git show --textconv :src/App.css [7ms]
[2022-10-05T12:09:08.823Z] > git ls-files --stage -- /home/coder/My-blog/src/App.css [2ms]
[2022-10-05T12:09:08.829Z] > git cat-file -s ed04ba2ea3e2d14b560c11051c468c2b6fd750a4 [1ms]
[2022-10-05T12:10:18.989Z] > git ls-files --stage -- /home/coder/My-blog/src/App.js [4ms]
[2022-10-05T12:10:19.006Z] > git show --textconv :src/App.js [26ms]
[2022-10-05T12:10:19.007Z] > git cat-file -s 88c7925fafa3272b285bccdda8ad7b8475ea1d95 [2ms]
[2022-10-05T12:10:40.673Z] > git show --textconv :src/App.css [14ms]
[2022-10-05T12:10:40.674Z] > git ls-files --stage -- /home/coder/My-blog/src/App.css [2ms]
[2022-10-05T12:10:40.682Z] > git cat-file -s ed04ba2ea3e2d14b560c11051c468c2b6fd750a4 [3ms]
[2022-10-05T12:12:32.325Z] > git ls-files --stage -- /home/coder/My-blog/src/App.js [5ms]
[2022-10-05T12:12:32.341Z] > git show --textconv :src/App.js [26ms]
[2022-10-05T12:12:32.341Z] > git cat-file -s 88c7925fafa3272b285bccdda8ad7b8475ea1d95 [1ms]
[2022-10-05T12:13:16.443Z] > git show --textconv :src/App.css [6ms]
[2022-10-05T12:13:16.447Z] > git ls-files --stage -- /home/coder/My-blog/src/App.css [4ms]
[2022-10-05T12:13:16.453Z] > git cat-file -s ed04ba2ea3e2d14b560c11051c468c2b6fd750a4 [1ms]
[2022-10-05T12:13:27.606Z] > git show --textconv :src/App.js [6ms]
[2022-10-05T12:13:27.606Z] > git ls-files --stage -- /home/coder/My-blog/src/App.js [1ms]
[2022-10-05T12:13:27.613Z] > git cat-file -s 88c7925fafa3272b285bccdda8ad7b8475ea1d95 [2ms]
[2022-10-05T12:16:43.149Z] > git show --textconv :src/App.css [12ms]
[2022-10-05T12:16:43.150Z] > git ls-files --stage -- /home/coder/My-blog/src/App.css [2ms]
[2022-10-05T12:16:43.160Z] > git cat-file -s ed04ba2ea3e2d14b560c11051c468c2b6fd750a4 [2ms]
[2022-10-05T12:18:46.995Z] > git show --textconv :src/App.js [6ms]
[2022-10-05T12:18:46.996Z] > git ls-files --stage -- /home/coder/My-blog/src/App.js [1ms]
[2022-10-05T12:18:47.002Z] > git cat-file -s 88c7925fafa3272b285bccdda8ad7b8475ea1d95 [1ms]
[2022-10-05T12:19:07.184Z] > git show --textconv :src/App.css [12ms]
[2022-10-05T12:19:07.186Z] > git ls-files --stage -- /home/coder/My-blog/src/App.css [3ms]
[2022-10-05T12:19:07.199Z] > git cat-file -s ed04ba2ea3e2d14b560c11051c468c2b6fd750a4 [5ms]
[2022-10-05T12:24:36.633Z] > git ls-files --stage -- /home/coder/My-blog/src/App.js [3ms]
[2022-10-05T12:24:36.642Z] > git show --textconv :src/App.js [18ms]
[2022-10-05T12:24:36.643Z] > git cat-file -s 88c7925fafa3272b285bccdda8ad7b8475ea1d95 [2ms]
[2022-10-05T12:25:28.841Z] > git ls-files --stage -- /home/coder/My-blog/src/App.css [6ms]
[2022-10-05T12:25:28.857Z] > git show --textconv :src/App.css [28ms]
[2022-10-05T12:25:28.858Z] > git cat-file -s ed04ba2ea3e2d14b560c11051c468c2b6fd750a4 [2ms]
