[2022-10-02T03:17:08.463Z] Log level: Info
[2022-10-02T03:17:08.469Z] [info] Validating found git in: git
[2022-10-02T03:17:08.503Z] [info] Using git 2.30.2 from git
[2022-10-02T03:17:08.522Z] > git rev-parse --show-toplevel [4ms]
[2022-10-02T03:17:08.522Z] fatal: not a git repository (or any of the parent directories): .git
[2022-10-02T03:17:08.531Z] > git rev-parse --show-toplevel [1ms]
[2022-10-02T03:17:08.531Z] fatal: not a git repository (or any of the parent directories): .git
[2022-10-02T03:17:08.537Z] > git rev-parse --show-toplevel [2ms]
[2022-10-02T03:17:08.537Z] fatal: not a git repository (or any of the parent directories): .git
[2022-10-02T03:17:08.543Z] > git rev-parse --show-toplevel [1ms]
[2022-10-02T03:17:08.543Z] fatal: not a git repository (or any of the parent directories): .git
[2022-10-02T03:17:08.549Z] > git rev-parse --show-toplevel [1ms]
[2022-10-02T03:17:08.549Z] fatal: not a git repository (or any of the parent directories): .git
[2022-10-02T03:17:08.554Z] > git rev-parse --show-toplevel [1ms]
[2022-10-02T03:17:08.554Z] fatal: not a git repository (or any of the parent directories): .git
[2022-10-02T03:17:08.560Z] > git rev-parse --show-toplevel [1ms]
[2022-10-02T03:17:08.566Z] > git rev-parse --git-dir --git-common-dir [1ms]
[2022-10-02T03:17:08.575Z] [info] Open repository: /home/coder/My-blog
[2022-10-02T03:17:08.592Z] > git status -z -uall [9ms]
[2022-10-02T03:17:08.598Z] > git symbolic-ref --short HEAD [2ms]
[2022-10-02T03:17:08.606Z] > git for-each-ref --format=%(refname)%00%(upstream:short)%00%(objectname)%00%(upstream:track)%00%(upstream:remotename)%00%(upstream:remoteref) refs/heads/master refs/remotes/master [2ms]
[2022-10-02T03:17:08.617Z] > git remote --verbose [2ms]
[2022-10-02T03:17:08.618Z] > git for-each-ref --sort -committerdate --format %(refname) %(objectname) %(*objectname) [7ms]
[2022-10-02T03:17:08.629Z] > git config --get commit.template [1ms]
[2022-10-02T03:17:08.644Z] > git status -z -uall [9ms]
[2022-10-02T03:17:08.650Z] > git symbolic-ref --short HEAD [1ms]
[2022-10-02T03:17:08.656Z] > git for-each-ref --format=%(refname)%00%(upstream:short)%00%(objectname)%00%(upstream:track)%00%(upstream:remotename)%00%(upstream:remoteref) refs/heads/master refs/remotes/master [2ms]
[2022-10-02T03:17:08.666Z] > git for-each-ref --sort -committerdate --format %(refname) %(objectname) %(*objectname) [6ms]
[2022-10-02T03:17:08.666Z] > git remote --verbose [2ms]
[2022-10-02T03:17:08.677Z] > git config --get commit.template [3ms]
[2022-10-02T03:17:09.098Z] > git check-ignore -v -z --stdin [1ms]
[2022-10-02T03:17:13.248Z] > git check-ignore -v -z --stdin [1ms]
[2022-10-02T03:17:14.183Z] > git check-ignore -v -z --stdin [2ms]
[2022-10-02T03:17:17.970Z] > git show --textconv :src/App.js [11ms]
[2022-10-02T03:17:17.970Z] > git ls-files --stage -- /home/coder/My-blog/src/App.js [2ms]
[2022-10-02T03:17:17.980Z] > git cat-file -s de31fa398d71b1b731f3867f56cfe9b0cf85820d [2ms]
[2022-10-02T04:51:57.838Z] > git show --textconv :src/App.css [7ms]
[2022-10-02T04:51:57.839Z] > git ls-files --stage -- /home/coder/My-blog/src/App.css [2ms]
[2022-10-02T04:51:57.846Z] > git cat-file -s 281bbf530898a40e02d38beed957fb8841c15897 [1ms]
