0 verbose cli /usr/local/bin/node /usr/local/bin/npm
1 info using npm@8.19.1
2 info using node@v18.9.0
3 timing npm:load:whichnode Completed in 1ms
4 timing config:load:defaults Completed in 2ms
5 timing config:load:file:/usr/local/lib/node_modules/npm/npmrc Completed in 1ms
6 timing config:load:builtin Completed in 1ms
7 timing config:load:cli Completed in 2ms
8 timing config:load:env Completed in 1ms
9 timing config:load:file:/home/server/My-blog/.npmrc Completed in 0ms
10 timing config:load:project Completed in 15ms
11 timing config:load:file:/home/coder/.npmrc Completed in 0ms
12 timing config:load:user Completed in 1ms
13 timing config:load:file:/usr/local/etc/npmrc Completed in 0ms
14 timing config:load:global Completed in 0ms
15 timing config:load:validate Completed in 0ms
16 timing config:load:credentials Completed in 2ms
17 timing config:load:setEnvs Completed in 1ms
18 timing config:load Completed in 26ms
19 timing npm:load:configload Completed in 26ms
20 timing npm:load:mkdirpcache Completed in 2ms
21 timing npm:load:mkdirplogs Completed in 0ms
22 verbose title npm install express
23 verbose argv "install" "express"
24 timing npm:load:setTitle Completed in 2ms
25 timing config:load:flatten Completed in 5ms
26 timing npm:load:display Completed in 7ms
27 verbose logfile logs-max:10 dir:/home/coder/.npm/_logs
28 verbose logfile /home/coder/.npm/_logs/2022-10-22T11_46_10_019Z-debug-0.log
29 timing npm:load:logFile Completed in 8ms
30 timing npm:load:timers Completed in 0ms
31 timing npm:load:configScope Completed in 0ms
32 timing npm:load Completed in 46ms
33 timing arborist:ctor Completed in 1ms
34 silly logfile start cleaning logs, removing 1 files
35 silly logfile done cleaning log files
36 timing idealTree:init Completed in 1443ms
37 timing idealTree:userRequests Completed in 4ms
38 silly idealTree buildDeps
39 silly fetch manifest express@*
40 timing arborist:ctor Completed in 0ms
41 http fetch GET 200 https://registry.npmjs.org/express 1182ms (cache hit)
42 silly placeDep ROOT express@4.18.2 REPLACE for: blog@0.1.0 want: *
43 silly fetch manifest body-parser@1.20.1
44 silly fetch manifest content-type@~1.0.4
45 silly fetch manifest qs@6.11.0
46 silly fetch manifest type-is@~1.6.18
47 http fetch GET 200 https://registry.npmjs.org/content-type 14ms (cache hit)
48 http fetch GET 200 https://registry.npmjs.org/type-is 14ms (cache hit)
49 http fetch GET 200 https://registry.npmjs.org/body-parser 17ms (cache hit)
50 http fetch GET 200 https://registry.npmjs.org/qs 17ms (cache hit)
51 timing idealTree:#root Completed in 1232ms
52 silly placeDep ROOT body-parser@1.20.1 OK for: express@4.18.2 want: 1.20.1
53 silly placeDep ROOT content-type@1.0.4 OK for: express@4.18.2 want: ~1.0.4
54 silly placeDep ROOT qs@6.11.0 OK for: express@4.18.2 want: 6.11.0
55 silly placeDep ROOT type-is@1.6.18 OK for: express@4.18.2 want: ~1.6.18
56 silly fetch manifest bytes@3.1.2
57 silly fetch manifest debug@2.6.9
58 silly fetch manifest iconv-lite@0.4.24
59 silly fetch manifest raw-body@2.5.1
60 silly fetch manifest media-typer@0.3.0
61 http fetch GET 200 https://registry.npmjs.org/raw-body 16ms (cache hit)
62 http fetch GET 200 https://registry.npmjs.org/iconv-lite 17ms (cache hit)
63 http fetch GET 200 https://registry.npmjs.org/bytes 19ms (cache hit)
64 http fetch GET 200 https://registry.npmjs.org/debug 19ms (cache hit)
65 http fetch GET 200 https://registry.npmjs.org/media-typer 19ms (cache hit)
66 timing idealTree:node_modules/express Completed in 30ms
67 silly placeDep node_modules/body-parser bytes@3.1.2 OK for: body-parser@1.20.1 want: 3.1.2
68 silly placeDep node_modules/body-parser debug@2.6.9 OK for: body-parser@1.20.1 want: 2.6.9
69 silly placeDep node_modules/body-parser iconv-lite@0.4.24 OK for: body-parser@1.20.1 want: 0.4.24
70 silly placeDep ROOT raw-body@2.5.1 OK for: body-parser@1.20.1 want: 2.5.1
71 silly fetch manifest ms@2.0.0
72 http fetch GET 200 https://registry.npmjs.org/ms 5ms (cache hit)
73 timing idealTree:node_modules/body-parser Completed in 12ms
74 timing idealTree:node_modules/content-type Completed in 0ms
75 timing idealTree:node_modules/qs Completed in 0ms
76 silly placeDep node_modules/raw-body bytes@3.1.2 OK for: raw-body@2.5.1 want: 3.1.2
77 silly placeDep node_modules/raw-body iconv-lite@0.4.24 OK for: raw-body@2.5.1 want: 0.4.24
78 timing idealTree:node_modules/raw-body Completed in 2ms
79 silly placeDep ROOT media-typer@0.3.0 OK for: type-is@1.6.18 want: 0.3.0
80 timing idealTree:node_modules/type-is Completed in 2ms
81 timing idealTree:node_modules/media-typer Completed in 0ms
82 timing idealTree:node_modules/body-parser/node_modules/bytes Completed in 0ms
83 silly placeDep node_modules/body-parser ms@2.0.0 OK for: debug@2.6.9 want: 2.0.0
84 timing idealTree:node_modules/body-parser/node_modules/debug Completed in 1ms
85 timing idealTree:node_modules/body-parser/node_modules/iconv-lite Completed in 0ms
86 timing idealTree:node_modules/body-parser/node_modules/ms Completed in 0ms
87 timing idealTree:node_modules/raw-body/node_modules/bytes Completed in 0ms
88 timing idealTree:node_modules/raw-body/node_modules/iconv-lite Completed in 0ms
89 timing idealTree:buildDeps Completed in 1284ms
90 timing idealTree:fixDepFlags Completed in 25ms
91 timing idealTree Completed in 2779ms
92 timing reify:loadTrees Completed in 2780ms
93 timing reify:diffTrees Completed in 28ms
94 silly reify mark retired [ '/home/server/My-blog/node_modules/body-parser' ]
95 silly reify mark retired [ '/home/server/My-blog/node_modules/express' ]
96 silly reify mark retired [ '/home/server/My-blog/node_modules/qs' ]
97 silly reify moves {
97 silly reify   '/home/server/My-blog/node_modules/body-parser': '/home/server/My-blog/node_modules/.body-parser-nuK46UTT',
97 silly reify   '/home/server/My-blog/node_modules/express': '/home/server/My-blog/node_modules/.express-zqu8FXYv',
97 silly reify   '/home/server/My-blog/node_modules/qs': '/home/server/My-blog/node_modules/.qs-z9iGtrDj'
97 silly reify }
98 timing reify:retireShallow Completed in 9ms
99 timing reify:createSparse Completed in 2ms
100 timing reify:loadBundles Completed in 0ms
101 silly audit bulk request {
101 silly audit   '@adobe/css-tools': [ '4.0.1' ],
101 silly audit   '@ampproject/remapping': [ '2.2.0' ],
101 silly audit   '@babel/code-frame': [ '7.18.6' ],
101 silly audit   '@babel/compat-data': [ '7.19.3' ],
101 silly audit   '@babel/core': [ '7.19.1' ],
101 silly audit   semver: [ '6.3.0', '7.3.7', '5.7.1' ],
101 silly audit   '@babel/eslint-parser': [ '7.19.1' ],
101 silly audit   'eslint-visitor-keys': [ '2.1.0', '3.3.0' ],
101 silly audit   '@babel/generator': [ '7.19.0' ],
101 silly audit   '@jridgewell/gen-mapping': [ '0.3.2', '0.1.1' ],
101 silly audit   '@babel/helper-annotate-as-pure': [ '7.18.6' ],
101 silly audit   '@babel/helper-builder-binary-assignment-operator-visitor': [ '7.18.9' ],
101 silly audit   '@babel/helper-compilation-targets': [ '7.19.3' ],
101 silly audit   '@babel/helper-create-class-features-plugin': [ '7.19.0' ],
101 silly audit   '@babel/helper-create-regexp-features-plugin': [ '7.19.0' ],
101 silly audit   '@babel/helper-define-polyfill-provider': [ '0.3.3' ],
101 silly audit   '@babel/helper-environment-visitor': [ '7.18.9' ],
101 silly audit   '@babel/helper-explode-assignable-expression': [ '7.18.6' ],
101 silly audit   '@babel/helper-function-name': [ '7.19.0' ],
101 silly audit   '@babel/helper-hoist-variables': [ '7.18.6' ],
101 silly audit   '@babel/helper-member-expression-to-functions': [ '7.18.9' ],
101 silly audit   '@babel/helper-module-imports': [ '7.18.6' ],
101 silly audit   '@babel/helper-module-transforms': [ '7.19.0' ],
101 silly audit   '@babel/helper-optimise-call-expression': [ '7.18.6' ],
101 silly audit   '@babel/helper-plugin-utils': [ '7.19.0' ],
101 silly audit   '@babel/helper-remap-async-to-generator': [ '7.18.9' ],
101 silly audit   '@babel/helper-replace-supers': [ '7.19.1' ],
101 silly audit   '@babel/helper-simple-access': [ '7.18.6' ],
101 silly audit   '@babel/helper-skip-transparent-expression-wrappers': [ '7.18.9' ],
101 silly audit   '@babel/helper-split-export-declaration': [ '7.18.6' ],
101 silly audit   '@babel/helper-string-parser': [ '7.18.10' ],
101 silly audit   '@babel/helper-validator-identifier': [ '7.19.1' ],
101 silly audit   '@babel/helper-validator-option': [ '7.18.6' ],
101 silly audit   '@babel/helper-wrap-function': [ '7.19.0' ],
101 silly audit   '@babel/helpers': [ '7.19.0' ],
101 silly audit   '@babel/highlight': [ '7.18.6' ],
101 silly audit   'ansi-styles': [ '3.2.1', '5.2.0', '4.3.0', '2.2.1' ],
101 silly audit   chalk: [ '2.4.2', '3.0.0', '4.1.2', '1.1.3' ],
101 silly audit   'color-convert': [ '1.9.3', '2.0.1' ],
101 silly audit   'color-name': [ '1.1.3', '1.1.4' ],
101 silly audit   'has-flag': [ '3.0.0', '4.0.0' ],
101 silly audit   'supports-color': [ '5.5.0', '2.0.0', '8.1.1', '7.2.0' ],
101 silly audit   '@babel/parser': [ '7.19.1' ],
101 silly audit   '@babel/plugin-bugfix-safari-id-destructuring-collision-in-function-expression': [ '7.18.6' ],
101 silly audit   '@babel/plugin-bugfix-v8-spread-parameters-in-optional-chaining': [ '7.18.9' ],
101 silly audit   '@babel/plugin-proposal-async-generator-functions': [ '7.19.1' ],
101 silly audit   '@babel/plugin-proposal-class-properties': [ '7.18.6' ],
101 silly audit   '@babel/plugin-proposal-class-static-block': [ '7.18.6' ],
101 silly audit   '@babel/plugin-proposal-decorators': [ '7.19.3' ],
101 silly audit   '@babel/plugin-proposal-dynamic-import': [ '7.18.6' ],
101 silly audit   '@babel/plugin-proposal-export-namespace-from': [ '7.18.9' ],
101 silly audit   '@babel/plugin-proposal-json-strings': [ '7.18.6' ],
101 silly audit   '@babel/plugin-proposal-logical-assignment-operators': [ '7.18.9' ],
101 silly audit   '@babel/plugin-proposal-nullish-coalescing-operator': [ '7.18.6' ],
101 silly audit   '@babel/plugin-proposal-numeric-separator': [ '7.18.6' ],
101 silly audit   '@babel/plugin-proposal-object-rest-spread': [ '7.18.9' ],
101 silly audit   '@babel/plugin-proposal-optional-catch-binding': [ '7.18.6' ],
101 silly audit   '@babel/plugin-proposal-optional-chaining': [ '7.18.9' ],
101 silly audit   '@babel/plugin-proposal-private-methods': [ '7.18.6' ],
101 silly audit   '@babel/plugin-proposal-private-property-in-object': [ '7.18.6' ],
101 silly audit   '@babel/plugin-proposal-unicode-property-regex': [ '7.18.6' ],
101 silly audit   '@babel/plugin-syntax-async-generators': [ '7.8.4' ],
101 silly audit   '@babel/plugin-syntax-bigint': [ '7.8.3' ],
101 silly audit   '@babel/plugin-syntax-class-properties': [ '7.12.13' ],
101 silly audit   '@babel/plugin-syntax-class-static-block': [ '7.14.5' ],
101 silly audit   '@babel/plugin-syntax-decorators': [ '7.19.0' ],
101 silly audit   '@babel/plugin-syntax-dynamic-import': [ '7.8.3' ],
101 silly audit   '@babel/plugin-syntax-export-namespace-from': [ '7.8.3' ],
101 silly audit   '@babel/plugin-syntax-flow': [ '7.18.6' ],
101 silly audit   '@babel/plugin-syntax-import-assertions': [ '7.18.6' ],
101 silly audit   '@babel/plugin-syntax-import-meta': [ '7.10.4' ],
101 silly audit   '@babel/plugin-syntax-json-strings': [ '7.8.3' ],
101 silly audit   '@babel/plugin-syntax-jsx': [ '7.18.6' ],
101 silly audit   '@babel/plugin-syntax-logical-assignment-operators': [ '7.10.4' ],
101 silly audit   '@babel/plugin-syntax-nullish-coalescing-operator': [ '7.8.3' ],
101 silly audit   '@babel/plugin-syntax-numeric-separator': [ '7.10.4' ],
101 silly audit   '@babel/plugin-syntax-object-rest-spread': [ '7.8.3' ],
101 silly audit   '@babel/plugin-syntax-optional-catch-binding': [ '7.8.3' ],
101 silly audit   '@babel/plugin-syntax-optional-chaining': [ '7.8.3' ],
101 silly audit   '@babel/plugin-syntax-private-property-in-object': [ '7.14.5' ],
101 silly audit   '@babel/plugin-syntax-top-level-await': [ '7.14.5' ],
101 silly audit   '@babel/plugin-syntax-typescript': [ '7.18.6' ],
101 silly audit   '@babel/plugin-transform-arrow-functions': [ '7.18.6' ],
101 silly audit   '@babel/plugin-transform-async-to-generator': [ '7.18.6' ],
101 silly audit   '@babel/plugin-transform-block-scoped-functions': [ '7.18.6' ],
101 silly audit   '@babel/plugin-transform-block-scoping': [ '7.18.9' ],
101 silly audit   '@babel/plugin-transform-classes': [ '7.19.0' ],
101 silly audit   '@babel/plugin-transform-computed-properties': [ '7.18.9' ],
101 silly audit   '@babel/plugin-transform-destructuring': [ '7.18.13' ],
101 silly audit   '@babel/plugin-transform-dotall-regex': [ '7.18.6' ],
101 silly audit   '@babel/plugin-transform-duplicate-keys': [ '7.18.9' ],
101 silly audit   '@babel/plugin-transform-exponentiation-operator': [ '7.18.6' ],
101 silly audit   '@babel/plugin-transform-flow-strip-types': [ '7.19.0' ],
101 silly audit   '@babel/plugin-transform-for-of': [ '7.18.8' ],
101 silly audit   '@babel/plugin-transform-function-name': [ '7.18.9' ],
101 silly audit   '@babel/plugin-transform-literals': [ '7.18.9' ],
101 silly audit   '@babel/plugin-transform-member-expression-literals': [ '7.18.6' ],
101 silly audit   '@babel/plugin-transform-modules-amd': [ '7.18.6' ],
101 silly audit   '@babel/plugin-transform-modules-commonjs': [ '7.18.6' ],
101 silly audit   '@babel/plugin-transform-modules-systemjs': [ '7.19.0' ],
101 silly audit   '@babel/plugin-transform-modules-umd': [ '7.18.6' ],
101 silly audit   '@babel/plugin-transform-named-capturing-groups-regex': [ '7.19.1' ],
101 silly audit   '@babel/plugin-transform-new-target': [ '7.18.6' ],
101 silly audit   '@babel/plugin-transform-object-super': [ '7.18.6' ],
101 silly audit   '@babel/plugin-transform-parameters': [ '7.18.8' ],
101 silly audit   '@babel/plugin-transform-property-literals': [ '7.18.6' ],
101 silly audit   '@babel/plugin-transform-react-constant-elements': [ '7.18.12' ],
101 silly audit   '@babel/plugin-transform-react-display-name': [ '7.18.6' ],
101 silly audit   '@babel/plugin-transform-react-jsx': [ '7.19.0' ],
101 silly audit   '@babel/plugin-transform-react-jsx-development': [ '7.18.6' ],
101 silly audit   '@babel/plugin-transform-react-pure-annotations': [ '7.18.6' ],
101 silly audit   '@babel/plugin-transform-regenerator': [ '7.18.6' ],
101 silly audit   '@babel/plugin-transform-reserved-words': [ '7.18.6' ],
101 silly audit   '@babel/plugin-transform-runtime': [ '7.19.1' ],
101 silly audit   '@babel/plugin-transform-shorthand-properties': [ '7.18.6' ],
101 silly audit   '@babel/plugin-transform-spread': [ '7.19.0' ],
101 silly audit   '@babel/plugin-transform-sticky-regex': [ '7.18.6' ],
101 silly audit   '@babel/plugin-transform-template-literals': [ '7.18.9' ],
101 silly audit   '@babel/plugin-transform-typeof-symbol': [ '7.18.9' ],
101 silly audit   '@babel/plugin-transform-typescript': [ '7.19.3' ],
101 silly audit   '@babel/plugin-transform-unicode-escapes': [ '7.18.10' ],
101 silly audit   '@babel/plugin-transform-unicode-regex': [ '7.18.6' ],
101 silly audit   '@babel/preset-env': [ '7.19.3' ],
101 silly audit   '@babel/preset-modules': [ '0.1.5' ],
101 silly audit   '@babel/preset-react': [ '7.18.6' ],
101 silly audit   '@babel/preset-typescript': [ '7.18.6' ],
101 silly audit   '@babel/runtime': [ '7.19.0' ],
101 silly audit   '@babel/runtime-corejs3': [ '7.19.1' ],
101 silly audit   '@babel/template': [ '7.18.10' ],
101 silly audit   '@babel/traverse': [ '7.19.1' ],
101 silly audit   '@babel/types': [ '7.19.3' ],
101 silly audit   '@bcoe/v8-coverage': [ '0.2.3' ],
101 silly audit   '@csstools/normalize.css': [ '12.0.0' ],
101 silly audit   '@csstools/postcss-cascade-layers': [ '1.1.1' ],
101 silly audit   '@csstools/postcss-color-function': [ '1.1.1' ],
101 silly audit   '@csstools/postcss-font-format-keywords': [ '1.0.1' ],
101 silly audit   '@csstools/postcss-hwb-function': [ '1.0.2' ],
101 silly audit   '@csstools/postcss-ic-unit': [ '1.0.1' ],
101 silly audit   '@csstools/postcss-is-pseudo-class': [ '2.0.7' ],
101 silly audit   '@csstools/postcss-nested-calc': [ '1.0.0' ],
101 silly audit   '@csstools/postcss-normalize-display-values': [ '1.0.1' ],
101 silly audit   '@csstools/postcss-oklab-function': [ '1.1.1' ],
101 silly audit   '@csstools/postcss-progressive-custom-properties': [ '1.3.0' ],
101 silly audit   '@csstools/postcss-stepped-value-functions': [ '1.0.1' ],
101 silly audit   '@csstools/postcss-text-decoration-shorthand': [ '1.0.0' ],
101 silly audit   '@csstools/postcss-trigonometric-functions': [ '1.0.2' ],
101 silly audit   '@csstools/postcss-unset-value': [ '1.0.2' ],
101 silly audit   '@csstools/selector-specificity': [ '2.0.2' ],
101 silly audit   '@eslint/eslintrc': [ '1.3.2' ],
101 silly audit   argparse: [ '2.0.1', '1.0.10' ],
101 silly audit   globals: [ '13.17.0', '11.12.0' ],
101 silly audit   'js-yaml': [ '4.1.0', '3.14.1' ],
101 silly audit   'type-fest': [ '0.20.2', '0.16.0', '0.21.3' ],
101 silly audit   '@fortawesome/fontawesome-common-types': [ '6.2.0' ],
101 silly audit   '@fortawesome/fontawesome-svg-core': [ '6.2.0' ],
101 silly audit   '@fortawesome/free-brands-svg-icons': [ '6.2.0' ],
101 silly audit   '@fortawesome/free-regular-svg-icons': [ '6.2.0' ],
101 silly audit   '@fortawesome/free-solid-svg-icons': [ '6.2.0' ],
101 silly audit   '@humanwhocodes/config-array': [ '0.10.5' ],
101 silly audit   '@humanwhocodes/gitignore-to-minimatch': [ '1.0.2' ],
101 silly audit   '@humanwhocodes/module-importer': [ '1.0.1' ],
101 silly audit   '@humanwhocodes/object-schema': [ '1.2.1' ],
101 silly audit   '@istanbuljs/load-nyc-config': [ '1.1.0' ],
101 silly audit   camelcase: [ '5.3.1', '6.3.0' ],
101 silly audit   'find-up': [ '4.1.0', '5.0.0', '3.0.0' ],
101 silly audit   'locate-path': [ '5.0.0', '6.0.0', '3.0.0' ],
101 silly audit   'p-limit': [ '2.3.0', '3.1.0' ],
101 silly audit   'p-locate': [ '4.1.0', '5.0.0', '3.0.0' ],
101 silly audit   '@istanbuljs/schema': [ '0.1.3' ],
101 silly audit   '@jest/console': [ '27.5.1', '28.1.3' ],
101 silly audit   '@jest/types': [ '27.5.1', '29.0.3', '28.1.3' ],
101 silly audit   '@types/yargs': [ '16.0.4', '17.0.13' ],
101 silly audit   'jest-message-util': [ '27.5.1', '29.0.3', '28.1.3' ],
101 silly audit   'jest-util': [ '27.5.1', '29.0.3', '28.1.3' ],
101 silly audit   '@jest/core': [ '27.5.1' ],
101 silly audit   '@jest/environment': [ '27.5.1' ],
101 silly audit   '@jest/expect-utils': [ '29.0.3' ],
101 silly audit   '@jest/fake-timers': [ '27.5.1' ],
101 silly audit   '@jest/globals': [ '27.5.1' ],
101 silly audit   'diff-sequences': [ '27.5.1', '29.0.0' ],
101 silly audit   expect: [ '27.5.1', '29.0.3' ],
101 silly audit   'jest-diff': [ '27.5.1', '29.0.3' ],
101 silly audit   'jest-get-type': [ '27.5.1', '29.0.0' ],
101 silly audit   'jest-matcher-utils': [ '27.5.1', '29.0.3' ],
101 silly audit   '@jest/reporters': [ '27.5.1' ],
101 silly audit   'source-map': [ '0.6.1', '0.7.4', '0.8.0-beta.0' ],
101 silly audit   '@jest/schemas': [ '29.0.0', '28.1.3' ],
101 silly audit   '@jest/source-map': [ '27.5.1' ],
101 silly audit   '@jest/test-result': [ '27.5.1', '28.1.3' ],
101 silly audit   '@jest/test-sequencer': [ '27.5.1' ],
101 silly audit   '@jest/transform': [ '27.5.1' ],
101 silly audit   '@jridgewell/resolve-uri': [ '3.1.0' ],
101 silly audit   '@jridgewell/set-array': [ '1.1.2' ],
101 silly audit   '@jridgewell/source-map': [ '0.3.2' ],
101 silly audit   '@jridgewell/sourcemap-codec': [ '1.4.14' ],
101 silly audit   '@jridgewell/trace-mapping': [ '0.3.15' ],
101 silly audit   '@leichtgewicht/ip-codec': [ '2.0.4' ],
101 silly audit   '@nicolo-ribaudo/eslint-scope-5-internals': [ '5.1.1-v1' ],
101 silly audit   'eslint-scope': [ '5.1.1', '7.1.1' ],
101 silly audit   estraverse: [ '4.3.0', '5.3.0' ],
101 silly audit   '@nodelib/fs.scandir': [ '2.1.5' ],
101 silly audit   '@nodelib/fs.stat': [ '2.0.5' ],
101 silly audit   '@nodelib/fs.walk': [ '1.2.8' ],
101 silly audit   '@pmmmwh/react-refresh-webpack-plugin': [ '0.5.7' ],
101 silly audit   '@popperjs/core': [ '2.11.6' ],
101 silly audit   '@react-aria/ssr': [ '3.3.0' ],
101 silly audit   '@remix-run/router': [ '1.0.1' ],
101 silly audit   '@restart/hooks': [ '0.4.7' ],
101 silly audit   '@restart/ui': [ '1.4.0' ],
101 silly audit   '@rollup/plugin-babel': [ '5.3.1' ],
101 silly audit   '@rollup/plugin-node-resolve': [ '11.2.1' ],
101 silly audit   '@rollup/plugin-replace': [ '2.4.2' ],
101 silly audit   '@rollup/pluginutils': [ '3.1.0' ],
101 silly audit   '@types/estree': [ '0.0.39', '1.0.0', '0.0.51' ],
101 silly audit   '@rushstack/eslint-patch': [ '1.2.0' ],
101 silly audit   '@sinclair/typebox': [ '0.24.42' ],
101 silly audit   '@sinonjs/commons': [ '1.8.3' ],
101 silly audit   '@sinonjs/fake-timers': [ '8.1.0' ],
101 silly audit   '@surma/rollup-plugin-off-main-thread': [ '2.2.3' ],
101 silly audit   '@svgr/babel-plugin-add-jsx-attribute': [ '5.4.0' ],
101 silly audit   '@svgr/babel-plugin-remove-jsx-attribute': [ '5.4.0' ],
101 silly audit   '@svgr/babel-plugin-remove-jsx-empty-expression': [ '5.0.1' ],
101 silly audit   '@svgr/babel-plugin-replace-jsx-attribute-value': [ '5.0.1' ],
101 silly audit   '@svgr/babel-plugin-svg-dynamic-title': [ '5.4.0' ],
101 silly audit   '@svgr/babel-plugin-svg-em-dimensions': [ '5.4.0' ],
101 silly audit   '@svgr/babel-plugin-transform-react-native-svg': [ '5.4.0' ],
101 silly audit   '@svgr/babel-plugin-transform-svg-component': [ '5.5.0' ],
101 silly audit   '@svgr/babel-preset': [ '5.5.0' ],
101 silly audit   '@svgr/core': [ '5.5.0' ],
101 silly audit   '@svgr/hast-util-to-babel-ast': [ '5.5.0' ],
101 silly audit   '@svgr/plugin-jsx': [ '5.5.0' ],
101 silly audit   '@svgr/plugin-svgo': [ '5.5.0' ],
101 silly audit   '@svgr/webpack': [ '5.5.0' ],
101 silly audit   '@testing-library/dom': [ '8.18.1' ],
101 silly audit   '@testing-library/jest-dom': [ '5.16.5' ],
101 silly audit   '@testing-library/react': [ '12.1.5' ],
101 silly audit   '@testing-library/user-event': [ '13.5.0' ],
101 silly audit   '@tootallnate/once': [ '1.1.2' ],
101 silly audit   '@trysound/sax': [ '0.2.0' ],
101 silly audit   '@types/aria-query': [ '4.2.2' ],
101 silly audit   '@types/babel__core': [ '7.1.19' ],
101 silly audit   '@types/babel__generator': [ '7.6.4' ],
101 silly audit   '@types/babel__template': [ '7.4.1' ],
101 silly audit   '@types/babel__traverse': [ '7.18.2' ],
101 silly audit   '@types/body-parser': [ '1.19.2' ],
101 silly audit   '@types/bonjour': [ '3.5.10' ],
101 silly audit   '@types/connect': [ '3.4.35' ],
101 silly audit   '@types/connect-history-api-fallback': [ '1.3.5' ],
101 silly audit   '@types/eslint': [ '8.4.6' ],
101 silly audit   '@types/eslint-scope': [ '3.7.4' ],
101 silly audit   '@types/express': [ '4.17.14' ],
101 silly audit   '@types/express-serve-static-core': [ '4.17.31' ],
101 silly audit   '@types/graceful-fs': [ '4.1.5' ],
101 silly audit   '@types/html-minifier-terser': [ '6.1.0' ],
101 silly audit   '@types/http-proxy': [ '1.17.9' ],
101 silly audit   '@types/istanbul-lib-coverage': [ '2.0.4' ],
101 silly audit   '@types/istanbul-lib-report': [ '3.0.0' ],
101 silly audit   '@types/istanbul-reports': [ '3.0.1' ],
101 silly audit   '@types/jest': [ '29.0.3' ],
101 silly audit   'pretty-format': [ '29.0.3', '28.1.3', '27.5.1' ],
101 silly audit   'react-is': [ '18.2.0', '16.13.1', '17.0.2' ],
101 silly audit   '@types/json-schema': [ '7.0.11' ],
101 silly audit   '@types/json5': [ '0.0.29' ],
101 silly audit   '@types/mime': [ '3.0.1' ],
101 silly audit   '@types/node': [ '18.7.19' ],
101 silly audit   '@types/parse-json': [ '4.0.0' ],
101 silly audit   '@types/prettier': [ '2.7.1' ],
101 silly audit   '@types/prop-types': [ '15.7.5' ],
101 silly audit   '@types/q': [ '1.5.5' ],
101 silly audit   '@types/qs': [ '6.9.7' ],
101 silly audit   '@types/range-parser': [ '1.2.4' ],
101 silly audit   '@types/react': [ '17.0.50' ],
101 silly audit   '@types/react-dom': [ '17.0.17' ],
101 silly audit   '@types/react-transition-group': [ '4.4.5' ],
101 silly audit   '@types/resolve': [ '1.17.1' ],
101 silly audit   '@types/retry': [ '0.12.0' ],
101 silly audit   '@types/scheduler': [ '0.16.2' ],
101 silly audit   '@types/serve-index': [ '1.9.1' ],
101 silly audit   '@types/serve-static': [ '1.15.0' ],
101 silly audit   '@types/sockjs': [ '0.3.33' ],
101 silly audit   '@types/stack-utils': [ '2.0.1' ],
101 silly audit   '@types/testing-library__jest-dom': [ '5.14.5' ],
101 silly audit   '@types/trusted-types': [ '2.0.2' ],
101 silly audit   '@types/warning': [ '3.0.0' ],
101 silly audit   '@types/ws': [ '8.5.3' ],
101 silly audit   '@types/yargs-parser': [ '21.0.0' ],
101 silly audit   '@typescript-eslint/eslint-plugin': [ '5.38.1' ],
101 silly audit   'lru-cache': [ '6.0.0', '4.1.5' ],
101 silly audit   yallist: [ '4.0.0', '2.1.2' ],
101 silly audit   '@typescript-eslint/experimental-utils': [ '5.38.1' ],
101 silly audit   '@typescript-eslint/parser': [ '5.38.1' ],
101 silly audit   '@typescript-eslint/scope-manager': [ '5.38.1' ],
101 silly audit   '@typescript-eslint/type-utils': [ '5.38.1' ],
101 silly audit   '@typescript-eslint/types': [ '5.38.1' ],
101 silly audit   '@typescript-eslint/typescript-estree': [ '5.38.1' ],
101 silly audit   '@typescript-eslint/utils': [ '5.38.1' ],
101 silly audit   '@typescript-eslint/visitor-keys': [ '5.38.1' ],
101 silly audit   '@webassemblyjs/ast': [ '1.11.1' ],
101 silly audit   '@webassemblyjs/floating-point-hex-parser': [ '1.11.1' ],
101 silly audit   '@webassemblyjs/helper-api-error': [ '1.11.1' ],
101 silly audit   '@webassemblyjs/helper-buffer': [ '1.11.1' ],
101 silly audit   '@webassemblyjs/helper-numbers': [ '1.11.1' ],
101 silly audit   '@webassemblyjs/helper-wasm-bytecode': [ '1.11.1' ],
101 silly audit   '@webassemblyjs/helper-wasm-section': [ '1.11.1' ],
101 silly audit   '@webassemblyjs/ieee754': [ '1.11.1' ],
101 silly audit   '@webassemblyjs/leb128': [ '1.11.1' ],
101 silly audit   '@webassemblyjs/utf8': [ '1.11.1' ],
101 silly audit   '@webassemblyjs/wasm-edit': [ '1.11.1' ],
101 silly audit   '@webassemblyjs/wasm-gen': [ '1.11.1' ],
101 silly audit   '@webassemblyjs/wasm-opt': [ '1.11.1' ],
101 silly audit   '@webassemblyjs/wasm-parser': [ '1.11.1' ],
101 silly audit   '@webassemblyjs/wast-printer': [ '1.11.1' ],
101 silly audit   '@xtuc/ieee754': [ '1.2.0' ],
101 silly audit   '@xtuc/long': [ '4.2.2' ],
101 silly audit   abab: [ '2.0.6' ],
101 silly audit   accepts: [ '1.3.8' ],
101 silly audit   acorn: [ '8.8.0', '7.4.1' ],
101 silly audit   'acorn-globals': [ '6.0.0' ],
101 silly audit   'acorn-import-assertions': [ '1.8.0' ],
101 silly audit   'acorn-jsx': [ '5.3.2' ],
101 silly audit   'acorn-node': [ '1.8.2' ],
101 silly audit   'acorn-walk': [ '7.2.0' ],
101 silly audit   address: [ '1.2.1' ],
101 silly audit   'adjust-sourcemap-loader': [ '4.0.0' ],
101 silly audit   'agent-base': [ '6.0.2' ],
101 silly audit   ajv: [ '6.12.6', '8.11.0' ],
101 silly audit   'ajv-formats': [ '2.1.1' ],
101 silly audit   'json-schema-traverse': [ '1.0.0', '0.4.1' ],
101 silly audit   'ajv-keywords': [ '3.5.2', '5.1.0' ],
101 silly audit   'ansi-escapes': [ '4.3.2' ],
101 silly audit   'ansi-html-community': [ '0.0.8' ],
101 silly audit   'ansi-regex': [ '5.0.1', '2.1.1', '6.0.1' ],
101 silly audit   anymatch: [ '3.1.2' ],
101 silly audit   arg: [ '5.0.2' ],
101 silly audit   'aria-query': [ '5.0.2', '4.2.2' ],
101 silly audit   'array-flatten': [ '2.1.2', '1.1.1' ],
101 silly audit   'array-includes': [ '3.1.5' ],
101 silly audit   'array-union': [ '2.1.0' ],
101 silly audit   'array.prototype.flat': [ '1.3.0' ],
101 silly audit   'array.prototype.flatmap': [ '1.3.0' ],
101 silly audit   'array.prototype.reduce': [ '1.0.4' ],
101 silly audit   asap: [ '2.0.6' ],
101 silly audit   'ast-types-flow': [ '0.0.7' ],
101 silly audit   async: [ '3.2.4' ],
101 silly audit   asynckit: [ '0.4.0' ],
101 silly audit   'at-least-node': [ '1.0.0' ],
101 silly audit   autoprefixer: [ '10.4.12' ],
101 silly audit   'axe-core': [ '4.4.3' ],
101 silly audit   axios: [ '1.0.0' ],
101 silly audit   'form-data': [ '4.0.0', '3.0.1' ],
101 silly audit   'axobject-query': [ '2.2.0' ],
101 silly audit   'babel-jest': [ '27.5.1' ],
101 silly audit   'babel-loader': [ '8.2.5' ],
101 silly audit   'find-cache-dir': [ '3.3.2' ],
101 silly audit   'schema-utils': [ '2.7.1', '4.0.0', '2.7.0', '3.1.1' ],
101 silly audit   'babel-plugin-dynamic-import-node': [ '2.3.3' ],
101 silly audit   'babel-plugin-istanbul': [ '6.1.1' ],
101 silly audit   'babel-plugin-jest-hoist': [ '27.5.1' ],
101 silly audit   'babel-plugin-macros': [ '3.1.0' ],
101 silly audit   'babel-plugin-named-asset-import': [ '0.3.8' ],
101 silly audit   'babel-plugin-polyfill-corejs2': [ '0.3.3' ],
101 silly audit   'babel-plugin-polyfill-corejs3': [ '0.6.0' ],
101 silly audit   'babel-plugin-polyfill-regenerator': [ '0.4.1' ],
101 silly audit   'babel-plugin-transform-react-remove-prop-types': [ '0.4.24' ],
101 silly audit   'babel-preset-current-node-syntax': [ '1.0.1' ],
101 silly audit   'babel-preset-jest': [ '27.5.1' ],
101 silly audit   'babel-preset-react-app': [ '10.0.1' ],
101 silly audit   'balanced-match': [ '1.0.2' ],
101 silly audit   batch: [ '0.6.1' ],
101 silly audit   bfj: [ '7.0.2' ],
101 silly audit   'big.js': [ '5.2.2' ],
101 silly audit   'binary-extensions': [ '2.2.0' ],
101 silly audit   bluebird: [ '3.7.2' ],
101 silly audit   bytes: [ '3.0.0', '3.1.2' ],
101 silly audit   debug: [ '2.6.9', '4.3.4', '3.2.7' ],
101 silly audit   'iconv-lite': [ '0.6.3', '0.4.24' ],
101 silly audit   ms: [ '2.0.0', '2.1.2', '2.1.3' ],
101 silly audit   'bonjour-service': [ '1.0.14' ],
101 silly audit   boolbase: [ '1.0.0' ],
101 silly audit   'brace-expansion': [ '1.1.11', '2.0.1' ],
101 silly audit   braces: [ '3.0.2' ],
101 silly audit   'browser-process-hrtime': [ '1.0.0' ],
101 silly audit   browserslist: [ '4.21.4' ],
101 silly audit   bser: [ '2.1.1' ],
101 silly audit   'buffer-from': [ '1.1.2' ],
101 silly audit   'builtin-modules': [ '3.3.0' ],
101 silly audit   builtins: [ '1.0.3' ],
101 silly audit   'call-bind': [ '1.0.2' ],
101 silly audit   callsites: [ '3.1.0' ],
101 silly audit   'camel-case': [ '4.1.2' ],
101 silly audit   'camelcase-css': [ '2.0.1' ],
101 silly audit   'caniuse-api': [ '3.0.0' ],
101 silly audit   'caniuse-lite': [ '1.0.30001410' ],
101 silly audit   'case-sensitive-paths-webpack-plugin': [ '2.4.0' ],
101 silly audit   'char-regex': [ '1.0.2', '2.0.1' ],
101 silly audit   'check-types': [ '11.1.2' ],
101 silly audit   chokidar: [ '3.5.3' ],
101 silly audit   'glob-parent': [ '5.1.2', '6.0.2' ],
101 silly audit   'chrome-trace-event': [ '1.0.3' ],
101 silly audit   'ci-info': [ '3.4.0' ],
101 silly audit   'cjs-module-lexer': [ '1.2.2' ],
101 silly audit   classnames: [ '2.3.2' ],
101 silly audit   'clean-css': [ '5.3.1' ],
101 silly audit   cliui: [ '7.0.4' ],
101 silly audit   co: [ '4.6.0' ],
101 silly audit   coa: [ '2.0.2' ],
101 silly audit   'collect-v8-coverage': [ '1.0.1' ],
101 silly audit   colord: [ '2.9.3' ],
101 silly audit   colorette: [ '2.0.19' ],
101 silly audit   'combined-stream': [ '1.0.8' ],
101 silly audit   commander: [ '2.20.3', '8.3.0', '7.2.0' ],
101 silly audit   'common-path-prefix': [ '3.0.0' ],
101 silly audit   'common-tags': [ '1.8.2' ],
101 silly audit   commondir: [ '1.0.1' ],
101 silly audit   compressible: [ '2.0.18' ],
101 silly audit   compression: [ '1.7.4' ],
101 silly audit   'concat-map': [ '0.0.1' ],
101 silly audit   'confusing-browser-globals': [ '1.0.11' ],
101 silly audit   'connect-history-api-fallback': [ '2.0.0' ],
101 silly audit   'content-disposition': [ '0.5.4' ],
101 silly audit   'safe-buffer': [ '5.2.1', '5.1.2' ],
101 silly audit   'convert-source-map': [ '1.8.0' ],
101 silly audit   cookie: [ '0.5.0' ],
101 silly audit   'cookie-signature': [ '1.0.6' ],
101 silly audit   'core-js': [ '3.25.3' ],
101 silly audit   'core-js-compat': [ '3.25.3' ],
101 silly audit   'core-js-pure': [ '3.25.3' ],
101 silly audit   'core-util-is': [ '1.0.3' ],
101 silly audit   cosmiconfig: [ '7.0.1', '6.0.0' ],
101 silly audit   'create-react-app': [ '1.2.1' ],
101 silly audit   'strip-ansi': [ '3.0.1', '6.0.1', '7.0.1' ],
101 silly audit   'cross-spawn': [ '4.0.2', '7.0.3' ],
101 silly audit   'crypto-random-string': [ '2.0.0' ],
101 silly audit   'css-blank-pseudo': [ '3.0.3' ],
101 silly audit   'css-declaration-sorter': [ '6.3.1' ],
101 silly audit   'css-has-pseudo': [ '3.0.4' ],
101 silly audit   'css-loader': [ '6.7.1' ],
101 silly audit   'css-minimizer-webpack-plugin': [ '3.4.1' ],
101 silly audit   'css-prefers-color-scheme': [ '6.0.3' ],
101 silly audit   'css-select': [ '4.3.0', '2.1.0' ],
101 silly audit   'css-select-base-adapter': [ '0.1.1' ],
101 silly audit   'css-tree': [ '1.0.0-alpha.37', '1.1.3' ],
101 silly audit   'css-what': [ '6.1.0', '3.4.2' ],
101 silly audit   'css.escape': [ '1.5.1' ],
101 silly audit   cssdb: [ '7.0.1' ],
101 silly audit   cssesc: [ '3.0.0' ],
101 silly audit   cssnano: [ '5.1.13' ],
101 silly audit   'cssnano-preset-default': [ '5.2.12' ],
101 silly audit   'cssnano-utils': [ '3.1.0' ],
101 silly audit   csso: [ '4.2.0' ],
101 silly audit   'mdn-data': [ '2.0.14', '2.0.4' ],
101 silly audit   cssom: [ '0.4.4', '0.3.8' ],
101 silly audit   cssstyle: [ '2.3.0' ],
101 silly audit   csstype: [ '3.1.1' ],
101 silly audit   'damerau-levenshtein': [ '1.0.8' ],
101 silly audit   'data-urls': [ '2.0.0' ],
101 silly audit   'decimal.js': [ '10.4.1' ],
101 silly audit   dedent: [ '0.7.0' ],
101 silly audit   'deep-is': [ '0.1.4' ],
101 silly audit   deepmerge: [ '4.2.2' ],
101 silly audit   'default-gateway': [ '6.0.3' ],
101 silly audit   'define-lazy-prop': [ '2.0.0' ],
101 silly audit   'define-properties': [ '1.1.4' ],
101 silly audit   defined: [ '1.0.0' ],
101 silly audit   'delayed-stream': [ '1.0.0' ],
101 silly audit   depd: [ '2.0.0', '1.1.2' ],
101 silly audit   dequal: [ '2.0.3' ],
101 silly audit   destroy: [ '1.2.0' ],
101 silly audit   'detect-newline': [ '3.1.0' ],
101 silly audit   'detect-node': [ '2.1.0' ],
101 silly audit   'detect-port-alt': [ '1.1.6' ],
101 silly audit   detective: [ '5.2.1' ],
101 silly audit   didyoumean: [ '1.2.2' ],
101 silly audit   'dir-glob': [ '3.0.1' ],
101 silly audit   dlv: [ '1.1.3' ],
101 silly audit   'dns-equal': [ '1.0.0' ],
101 silly audit   'dns-packet': [ '5.4.0' ],
101 silly audit   doctrine: [ '3.0.0', '2.1.0' ],
101 silly audit   'dom-accessibility-api': [ '0.5.14' ],
101 silly audit   'dom-converter': [ '0.2.0' ],
101 silly audit   'dom-helpers': [ '5.2.1' ],
101 silly audit   'dom-serializer': [ '1.4.1', '0.2.2' ],
101 silly audit   domelementtype: [ '2.3.0', '1.3.1' ],
101 silly audit   domexception: [ '2.0.1' ],
101 silly audit   'webidl-conversions': [ '5.0.0', '6.1.0', '4.0.2' ],
101 silly audit   domhandler: [ '4.3.1' ],
101 silly audit   domutils: [ '2.8.0', '1.7.0' ],
101 silly audit   'dot-case': [ '3.0.4' ],
101 silly audit   dotenv: [ '10.0.0' ],
101 silly audit   'dotenv-expand': [ '5.1.0' ],
101 silly audit   duplexer: [ '0.1.2' ],
101 silly audit   'ee-first': [ '1.1.1' ],
101 silly audit   ejs: [ '3.1.8' ],
101 silly audit   'electron-to-chromium': [ '1.4.260' ],
101 silly audit   emittery: [ '0.8.1', '0.10.2' ],
101 silly audit   'emoji-regex': [ '9.2.2', '8.0.0' ],
101 silly audit   'emojis-list': [ '3.0.0' ],
101 silly audit   encodeurl: [ '1.0.2' ],
101 silly audit   'enhanced-resolve': [ '5.10.0' ],
101 silly audit   entities: [ '2.2.0' ],
101 silly audit   'error-ex': [ '1.3.2' ],
101 silly audit   'error-stack-parser': [ '2.1.4' ],
101 silly audit   'es-abstract': [ '1.20.3' ],
101 silly audit   'es-array-method-boxes-properly': [ '1.0.0' ],
101 silly audit   'es-module-lexer': [ '0.9.3' ],
101 silly audit   'es-shim-unscopables': [ '1.0.0' ],
101 silly audit   'es-to-primitive': [ '1.2.1' ],
101 silly audit   escalade: [ '3.1.1' ],
101 silly audit   'escape-html': [ '1.0.3' ],
101 silly audit   'escape-string-regexp': [ '1.0.5', '4.0.0', '2.0.0' ],
101 silly audit   escodegen: [ '2.0.0' ],
101 silly audit   levn: [ '0.3.0', '0.4.1' ],
101 silly audit   optionator: [ '0.8.3', '0.9.1' ],
101 silly audit   'prelude-ls': [ '1.1.2', '1.2.1' ],
101 silly audit   'type-check': [ '0.3.2', '0.4.0' ],
101 silly audit   eslint: [ '8.24.0' ],
101 silly audit   'eslint-config-react-app': [ '7.0.1' ],
101 silly audit   'eslint-import-resolver-node': [ '0.3.6' ],
101 silly audit   'eslint-module-utils': [ '2.7.4' ],
101 silly audit   'eslint-plugin-flowtype': [ '8.0.3' ],
101 silly audit   'eslint-plugin-import': [ '2.26.0' ],
101 silly audit   'eslint-plugin-jest': [ '25.7.0' ],
101 silly audit   'eslint-plugin-jsx-a11y': [ '6.6.1' ],
101 silly audit   'eslint-plugin-react': [ '7.31.8' ],
101 silly audit   'eslint-plugin-react-hooks': [ '4.6.0' ],
101 silly audit   resolve: [ '2.0.0-next.4', '1.22.1' ],
101 silly audit   'eslint-plugin-testing-library': [ '5.7.0' ],
101 silly audit   'eslint-utils': [ '3.0.0' ],
101 silly audit   'eslint-webpack-plugin': [ '3.2.0' ],
101 silly audit   'jest-worker': [ '28.1.3', '27.5.1', '26.6.2' ],
101 silly audit   which: [ '2.0.2', '1.3.1' ],
101 silly audit   espree: [ '9.4.0' ],
101 silly audit   esprima: [ '4.0.1' ],
101 silly audit   esquery: [ '1.4.0' ],
101 silly audit   esrecurse: [ '4.3.0' ],
101 silly audit   'estree-walker': [ '1.0.1' ],
101 silly audit   esutils: [ '2.0.3' ],
101 silly audit   etag: [ '1.8.1' ],
101 silly audit   eventemitter3: [ '4.0.7' ],
101 silly audit   events: [ '3.3.0' ],
101 silly audit   execa: [ '5.1.1' ],
101 silly audit   exit: [ '0.1.2' ],
101 silly audit   'fast-deep-equal': [ '3.1.3' ],
101 silly audit   'fast-glob': [ '3.2.12' ],
101 silly audit   'fast-json-stable-stringify': [ '2.1.0' ],
101 silly audit   'fast-levenshtein': [ '2.0.6' ],
101 silly audit   fastq: [ '1.13.0' ],
101 silly audit   'faye-websocket': [ '0.11.4' ],
101 silly audit   'fb-watchman': [ '2.0.2' ],
101 silly audit   'file-entry-cache': [ '6.0.1' ],
101 silly audit   'file-loader': [ '6.2.0' ],
101 silly audit   filelist: [ '1.0.4' ],
101 silly audit   minimatch: [ '5.1.0', '3.1.2', '3.0.4' ],
101 silly audit   filesize: [ '8.0.7' ],
101 silly audit   'fill-range': [ '7.0.1' ],
101 silly audit   finalhandler: [ '1.2.0' ],
101 silly audit   'flat-cache': [ '3.0.4' ],
101 silly audit   flatted: [ '3.2.7' ],
101 silly audit   'follow-redirects': [ '1.15.2' ],
101 silly audit   'fork-ts-checker-webpack-plugin': [ '6.5.2' ],
101 silly audit   'fs-extra': [ '9.1.0', '1.0.0', '10.1.0' ],
101 silly audit   jsonfile: [ '6.1.0', '2.4.0' ],
101 silly audit   tapable: [ '1.1.3', '2.2.1' ],
101 silly audit   universalify: [ '2.0.0', '0.2.0' ],
101 silly audit   forwarded: [ '0.2.0' ],
101 silly audit   'fraction.js': [ '4.2.0' ],
101 silly audit   fresh: [ '0.5.2' ],
101 silly audit   'fs-monkey': [ '1.0.3' ],
101 silly audit   'fs.realpath': [ '1.0.0' ],
101 silly audit   fsevents: [ '2.3.2' ],
101 silly audit   'function-bind': [ '1.1.1' ],
101 silly audit   'function.prototype.name': [ '1.1.5' ],
101 silly audit   'functions-have-names': [ '1.2.3' ],
101 silly audit   gensync: [ '1.0.0-beta.2' ],
101 silly audit   'get-caller-file': [ '2.0.5' ],
101 silly audit   'get-intrinsic': [ '1.1.3' ],
101 silly audit   'get-own-enumerable-property-symbols': [ '3.0.2' ],
101 silly audit   'get-package-type': [ '0.1.0' ],
101 silly audit   'get-stream': [ '6.0.1' ],
101 silly audit   'get-symbol-description': [ '1.0.0' ],
101 silly audit   glob: [ '7.2.3' ],
101 silly audit   'glob-to-regexp': [ '0.4.1' ],
101 silly audit   'global-modules': [ '2.0.0' ],
101 silly audit   'global-prefix': [ '3.0.0' ],
101 silly audit   globby: [ '11.1.0' ],
101 silly audit   'graceful-fs': [ '4.2.10' ],
101 silly audit   'grapheme-splitter': [ '1.0.4' ],
101 silly audit   'gzip-size': [ '6.0.0' ],
101 silly audit   'handle-thing': [ '2.0.1' ],
101 silly audit   'harmony-reflect': [ '1.6.2' ],
101 silly audit   has: [ '1.0.3' ],
101 silly audit   'has-ansi': [ '2.0.0' ],
101 silly audit   'has-bigints': [ '1.0.2' ],
101 silly audit   'has-property-descriptors': [ '1.0.0' ],
101 silly audit   'has-symbols': [ '1.0.3' ],
101 silly audit   'has-tostringtag': [ '1.0.0' ],
101 silly audit   he: [ '1.2.0' ],
101 silly audit   hoopy: [ '0.1.4' ],
101 silly audit   'hpack.js': [ '2.1.6' ],
101 silly audit   'readable-stream': [ '2.3.7', '3.6.0' ],
101 silly audit   string_decoder: [ '1.1.1', '1.3.0' ],
101 silly audit   'html-encoding-sniffer': [ '2.0.1' ],
101 silly audit   'html-entities': [ '2.3.3' ],
101 silly audit   'html-escaper': [ '2.0.2' ],
101 silly audit   'html-minifier-terser': [ '6.1.0' ],
101 silly audit   'html-webpack-plugin': [ '5.5.0' ],
101 silly audit   htmlparser2: [ '6.1.0' ],
101 silly audit   'http-deceiver': [ '1.2.7' ],
101 silly audit   'http-errors': [ '2.0.0', '1.6.3' ],
101 silly audit   'http-parser-js': [ '0.5.8' ],
101 silly audit   'http-proxy': [ '1.18.1' ],
101 silly audit   'http-proxy-agent': [ '4.0.1' ],
101 silly audit   'http-proxy-middleware': [ '2.0.6' ],
101 silly audit   'https-proxy-agent': [ '5.0.1' ],
101 silly audit   'human-signals': [ '2.1.0' ],
101 silly audit   'icss-utils': [ '5.1.0' ],
101 silly audit   idb: [ '7.1.0' ],
101 silly audit   'identity-obj-proxy': [ '3.0.0' ],
101 silly audit   ignore: [ '5.2.0' ],
101 silly audit   immer: [ '9.0.15' ],
101 silly audit   'import-fresh': [ '3.3.0' ],
101 silly audit   'resolve-from': [ '4.0.0', '5.0.0' ],
101 silly audit   'import-local': [ '3.1.0' ],
101 silly audit   imurmurhash: [ '0.1.4' ],
101 silly audit   'indent-string': [ '4.0.0' ],
101 silly audit   inflight: [ '1.0.6' ],
101 silly audit   inherits: [ '2.0.4', '2.0.3' ],
101 silly audit   ini: [ '1.3.8' ],
101 silly audit   'internal-slot': [ '1.0.3' ],
101 silly audit   invariant: [ '2.2.4' ],
101 silly audit   'ipaddr.js': [ '2.0.1', '1.9.1' ],
101 silly audit   'is-arrayish': [ '0.2.1' ],
101 silly audit   'is-bigint': [ '1.0.4' ],
101 silly audit   'is-binary-path': [ '2.1.0' ],
101 silly audit   'is-boolean-object': [ '1.1.2' ],
101 silly audit   'is-callable': [ '1.2.7' ],
101 silly audit   'is-core-module': [ '2.10.0' ],
101 silly audit   'is-date-object': [ '1.0.5' ],
101 silly audit   'is-docker': [ '2.2.1' ],
101 silly audit   'is-extglob': [ '2.1.1' ],
101 silly audit   'is-fullwidth-code-point': [ '3.0.0' ],
101 silly audit   'is-generator-fn': [ '2.1.0' ],
101 silly audit   'is-glob': [ '4.0.3' ],
101 silly audit   'is-module': [ '1.0.0' ],
101 silly audit   'is-negative-zero': [ '2.0.2' ],
101 silly audit   'is-number': [ '7.0.0' ],
101 silly audit   'is-number-object': [ '1.0.7' ],
101 silly audit   'is-obj': [ '1.0.1' ],
101 silly audit   'is-plain-obj': [ '3.0.0' ],
101 silly audit   'is-potential-custom-element-name': [ '1.0.1' ],
101 silly audit   'is-regex': [ '1.1.4' ],
101 silly audit   'is-regexp': [ '1.0.0' ],
101 silly audit   'is-root': [ '2.1.0' ],
101 silly audit   'is-shared-array-buffer': [ '1.0.2' ],
101 silly audit   'is-stream': [ '2.0.1' ],
101 silly audit   'is-string': [ '1.0.7' ],
101 silly audit   'is-symbol': [ '1.0.4' ],
101 silly audit   'is-typedarray': [ '1.0.0' ],
101 silly audit   'is-weakref': [ '1.0.2' ],
101 silly audit   'is-wsl': [ '2.2.0' ],
101 silly audit   isarray: [ '1.0.0' ],
101 silly audit   isexe: [ '2.0.0' ],
101 silly audit   'istanbul-lib-coverage': [ '3.2.0' ],
101 silly audit   'istanbul-lib-instrument': [ '5.2.0' ],
101 silly audit   'istanbul-lib-report': [ '3.0.0' ],
101 silly audit   'istanbul-lib-source-maps': [ '4.0.1' ],
101 silly audit   'istanbul-reports': [ '3.1.5' ],
101 silly audit   jake: [ '10.8.5' ],
101 silly audit   jest: [ '27.5.1' ],
101 silly audit   'jest-changed-files': [ '27.5.1' ],
101 silly audit   'jest-circus': [ '27.5.1' ],
101 silly audit   'jest-cli': [ '27.5.1' ],
101 silly audit   'jest-config': [ '27.5.1' ],
101 silly audit   'jest-docblock': [ '27.5.1' ],
101 silly audit   'jest-each': [ '27.5.1' ],
101 silly audit   'jest-environment-jsdom': [ '27.5.1' ],
101 silly audit   'jest-environment-node': [ '27.5.1' ],
101 silly audit   'jest-haste-map': [ '27.5.1' ],
101 silly audit   'jest-jasmine2': [ '27.5.1' ],
101 silly audit   'jest-leak-detector': [ '27.5.1' ],
101 silly audit   'jest-mock': [ '27.5.1' ],
101 silly audit   'jest-pnp-resolver': [ '1.2.2' ],
101 silly audit   'jest-regex-util': [ '27.5.1', '28.0.2' ],
101 silly audit   'jest-resolve': [ '27.5.1' ],
101 silly audit   'jest-resolve-dependencies': [ '27.5.1' ],
101 silly audit   'jest-runner': [ '27.5.1' ],
101 silly audit   'jest-runtime': [ '27.5.1' ],
101 silly audit   'jest-serializer': [ '27.5.1' ],
101 silly audit   'jest-snapshot': [ '27.5.1' ],
101 silly audit   'jest-validate': [ '27.5.1' ],
101 silly audit   'jest-watch-typeahead': [ '1.1.0' ],
101 silly audit   slash: [ '3.0.0', '4.0.0' ],
101 silly audit   'jest-watcher': [ '28.1.3', '27.5.1' ],
101 silly audit   'string-length': [ '4.0.2', '5.0.1' ],
101 silly audit   'js-sdsl': [ '4.1.4' ],
101 silly audit   'js-tokens': [ '4.0.0' ],
101 silly audit   jsdom: [ '16.7.0' ],
101 silly audit   jsesc: [ '2.5.2', '0.5.0' ],
101 silly audit   'json-parse-even-better-errors': [ '2.3.1' ],
101 silly audit   'json-schema': [ '0.4.0' ],
101 silly audit   'json-stable-stringify-without-jsonify': [ '1.0.1' ],
101 silly audit   json5: [ '2.2.1', '1.0.1' ],
101 silly audit   jsonpointer: [ '5.0.1' ],
101 silly audit   'jsx-ast-utils': [ '3.3.3' ],
101 silly audit   'kind-of': [ '6.0.3' ],
101 silly audit   klaw: [ '1.3.1' ],
101 silly audit   kleur: [ '3.0.3' ],
101 silly audit   klona: [ '2.0.5' ],
101 silly audit   'language-subtag-registry': [ '0.3.22' ],
101 silly audit   'language-tags': [ '1.0.5' ],
101 silly audit   leven: [ '3.1.0' ],
101 silly audit   lilconfig: [ '2.0.6' ],
101 silly audit   'lines-and-columns': [ '1.2.4' ],
101 silly audit   'loader-runner': [ '4.3.0' ],
101 silly audit   'loader-utils': [ '2.0.2', '3.2.0' ],
101 silly audit   lodash: [ '4.17.21' ],
101 silly audit   'lodash.debounce': [ '4.0.8' ],
101 silly audit   'lodash.memoize': [ '4.1.2' ],
101 silly audit   'lodash.merge': [ '4.6.2' ],
101 silly audit   'lodash.sortby': [ '4.7.0' ],
101 silly audit   'lodash.uniq': [ '4.5.0' ],
101 silly audit   'loose-envify': [ '1.4.0' ],
101 silly audit   'lower-case': [ '2.0.2' ],
101 silly audit   'lz-string': [ '1.4.4' ],
101 silly audit   'magic-string': [ '0.25.9' ],
101 silly audit   'make-dir': [ '3.1.0' ],
101 silly audit   makeerror: [ '1.0.12' ],
101 silly audit   memfs: [ '3.4.7' ],
101 silly audit   'merge-descriptors': [ '1.0.1' ],
101 silly audit   'merge-stream': [ '2.0.0' ],
101 silly audit   merge2: [ '1.4.1' ],
101 silly audit   methods: [ '1.1.2' ],
101 silly audit   micromatch: [ '4.0.5' ],
101 silly audit   mime: [ '1.6.0' ],
101 silly audit   'mime-db': [ '1.52.0' ],
101 silly audit   'mime-types': [ '2.1.35' ],
101 silly audit   'mimic-fn': [ '2.1.0' ],
101 silly audit   'min-indent': [ '1.0.1' ],
101 silly audit   'mini-css-extract-plugin': [ '2.6.1' ],
101 silly audit   'minimalistic-assert': [ '1.0.1' ],
101 silly audit   minimist: [ '1.2.6' ],
101 silly audit   mkdirp: [ '0.5.6' ],
101 silly audit   'multicast-dns': [ '7.2.5' ],
101 silly audit   nanoid: [ '3.3.4' ],
101 silly audit   'natural-compare': [ '1.4.0' ],
101 silly audit   negotiator: [ '0.6.3' ],
101 silly audit   'neo-async': [ '2.6.2' ],
101 silly audit   'no-case': [ '3.0.4' ],
101 silly audit   'node-forge': [ '1.3.1' ],
101 silly audit   'node-int64': [ '0.4.0' ],
101 silly audit   'node-releases': [ '2.0.6' ],
101 silly audit   'normalize-path': [ '3.0.0' ],
101 silly audit   'normalize-range': [ '0.1.2' ],
101 silly audit   'normalize-url': [ '6.1.0' ],
101 silly audit   'npm-run-path': [ '4.0.1' ],
101 silly audit   'nth-check': [ '2.1.1', '1.0.2' ],
101 silly audit   nwsapi: [ '2.2.2' ],
101 silly audit   'object-assign': [ '4.1.1' ],
101 silly audit   'object-hash': [ '3.0.0' ],
101 silly audit   'object-inspect': [ '1.12.2' ],
101 silly audit   'object-keys': [ '1.1.1' ],
101 silly audit   'object.assign': [ '4.1.4' ],
101 silly audit   'object.entries': [ '1.1.5' ],
101 silly audit   'object.fromentries': [ '2.0.5' ],
101 silly audit   'object.getownpropertydescriptors': [ '2.1.4' ],
101 silly audit   'object.hasown': [ '1.1.1' ],
101 silly audit   'object.values': [ '1.1.5' ],
101 silly audit   obuf: [ '1.1.2' ],
101 silly audit   'on-finished': [ '2.4.1' ],
101 silly audit   'on-headers': [ '1.0.2' ],
101 silly audit   once: [ '1.4.0' ],
101 silly audit   onetime: [ '5.1.2' ],
101 silly audit   open: [ '8.4.0' ],
101 silly audit   'p-retry': [ '4.6.2' ],
101 silly audit   'p-try': [ '2.2.0' ],
101 silly audit   'param-case': [ '3.0.4' ],
101 silly audit   'parent-module': [ '1.0.1' ],
101 silly audit   'parse-json': [ '5.2.0' ],
101 silly audit   parse5: [ '6.0.1' ],
101 silly audit   parseurl: [ '1.3.3' ],
101 silly audit   'pascal-case': [ '3.1.2' ],
101 silly audit   'path-exists': [ '4.0.0', '3.0.0' ],
101 silly audit   'path-is-absolute': [ '1.0.1' ],
101 silly audit   'path-key': [ '3.1.1' ],
101 silly audit   'path-parse': [ '1.0.7' ],
101 silly audit   'path-to-regexp': [ '0.1.7' ],
101 silly audit   'path-type': [ '4.0.0' ],
101 silly audit   'performance-now': [ '2.1.0' ],
101 silly audit   picocolors: [ '1.0.0', '0.2.1' ],
101 silly audit   picomatch: [ '2.3.1' ],
101 silly audit   pify: [ '2.3.0' ],
101 silly audit   pirates: [ '4.0.5' ],
101 silly audit   'pkg-dir': [ '4.2.0' ],
101 silly audit   'pkg-up': [ '3.1.0' ],
101 silly audit   postcss: [ '8.4.16', '7.0.39' ],
101 silly audit   'postcss-attribute-case-insensitive': [ '5.0.2' ],
101 silly audit   'postcss-browser-comments': [ '4.0.0' ],
101 silly audit   'postcss-calc': [ '8.2.4' ],
101 silly audit   'postcss-clamp': [ '4.1.0' ],
101 silly audit   'postcss-color-functional-notation': [ '4.2.4' ],
101 silly audit   'postcss-color-hex-alpha': [ '8.0.4' ],
101 silly audit   'postcss-color-rebeccapurple': [ '7.1.1' ],
101 silly audit   'postcss-colormin': [ '5.3.0' ],
101 silly audit   'postcss-convert-values': [ '5.1.2' ],
101 silly audit   'postcss-custom-media': [ '8.0.2' ],
101 silly audit   'postcss-custom-properties': [ '12.1.9' ],
101 silly audit   'postcss-custom-selectors': [ '6.0.3' ],
101 silly audit   'postcss-dir-pseudo-class': [ '6.0.5' ],
101 silly audit   'postcss-discard-comments': [ '5.1.2' ],
101 silly audit   'postcss-discard-duplicates': [ '5.1.0' ],
101 silly audit   'postcss-discard-empty': [ '5.1.1' ],
101 silly audit   'postcss-discard-overridden': [ '5.1.0' ],
101 silly audit   'postcss-double-position-gradients': [ '3.1.2' ],
101 silly audit   'postcss-env-function': [ '4.0.6' ],
101 silly audit   'postcss-flexbugs-fixes': [ '5.0.2' ],
101 silly audit   'postcss-focus-visible': [ '6.0.4' ],
101 silly audit   'postcss-focus-within': [ '5.0.4' ],
101 silly audit   'postcss-font-variant': [ '5.0.0' ],
101 silly audit   'postcss-gap-properties': [ '3.0.5' ],
101 silly audit   'postcss-image-set-function': [ '4.0.7' ],
101 silly audit   'postcss-import': [ '14.1.0' ],
101 silly audit   'postcss-initial': [ '4.0.1' ],
101 silly audit   'postcss-js': [ '4.0.0' ],
101 silly audit   'postcss-lab-function': [ '4.2.1' ],
101 silly audit   'postcss-load-config': [ '3.1.4' ],
101 silly audit   'postcss-loader': [ '6.2.1' ],
101 silly audit   'postcss-logical': [ '5.0.4' ],
101 silly audit   'postcss-media-minmax': [ '5.0.0' ],
101 silly audit   'postcss-merge-longhand': [ '5.1.6' ],
101 silly audit   'postcss-merge-rules': [ '5.1.2' ],
101 silly audit   'postcss-minify-font-values': [ '5.1.0' ],
101 silly audit   'postcss-minify-gradients': [ '5.1.1' ],
101 silly audit   'postcss-minify-params': [ '5.1.3' ],
101 silly audit   'postcss-minify-selectors': [ '5.2.1' ],
101 silly audit   'postcss-modules-extract-imports': [ '3.0.0' ],
101 silly audit   'postcss-modules-local-by-default': [ '4.0.0' ],
101 silly audit   'postcss-modules-scope': [ '3.0.0' ],
101 silly audit   'postcss-modules-values': [ '4.0.0' ],
101 silly audit   'postcss-nested': [ '5.0.6' ],
101 silly audit   'postcss-nesting': [ '10.2.0' ],
101 silly audit   'postcss-normalize': [ '10.0.1' ],
101 silly audit   'postcss-normalize-charset': [ '5.1.0' ],
101 silly audit   'postcss-normalize-display-values': [ '5.1.0' ],
101 silly audit   'postcss-normalize-positions': [ '5.1.1' ],
101 silly audit   'postcss-normalize-repeat-style': [ '5.1.1' ],
101 silly audit   'postcss-normalize-string': [ '5.1.0' ],
101 silly audit   'postcss-normalize-timing-functions': [ '5.1.0' ],
101 silly audit   'postcss-normalize-unicode': [ '5.1.0' ],
101 silly audit   'postcss-normalize-url': [ '5.1.0' ],
101 silly audit   'postcss-normalize-whitespace': [ '5.1.1' ],
101 silly audit   'postcss-opacity-percentage': [ '1.1.2' ],
101 silly audit   'postcss-ordered-values': [ '5.1.3' ],
101 silly audit   'postcss-overflow-shorthand': [ '3.0.4' ],
101 silly audit   'postcss-page-break': [ '3.0.4' ],
101 silly audit   'postcss-place': [ '7.0.5' ],
101 silly audit   'postcss-preset-env': [ '7.8.2' ],
101 silly audit   'postcss-pseudo-class-any-link': [ '7.1.6' ],
101 silly audit   'postcss-reduce-initial': [ '5.1.0' ],
101 silly audit   'postcss-reduce-transforms': [ '5.1.0' ],
101 silly audit   'postcss-replace-overflow-wrap': [ '4.0.0' ],
101 silly audit   'postcss-selector-not': [ '6.0.1' ],
101 silly audit   'postcss-selector-parser': [ '6.0.10' ],
101 silly audit   'postcss-svgo': [ '5.1.0' ],
101 silly audit   svgo: [ '2.8.0', '1.3.2' ],
101 silly audit   'postcss-unique-selectors': [ '5.1.1' ],
101 silly audit   'postcss-value-parser': [ '4.2.0' ],
101 silly audit   'pretty-bytes': [ '5.6.0' ],
101 silly audit   'pretty-error': [ '4.0.0' ],
101 silly audit   'process-nextick-args': [ '2.0.1' ],
101 silly audit   promise: [ '8.2.0' ],
101 silly audit   prompts: [ '2.4.2' ],
101 silly audit   'prop-types': [ '15.8.1' ],
101 silly audit   'prop-types-extra': [ '1.1.1' ],
101 silly audit   'proxy-addr': [ '2.0.7' ],
101 silly audit   'proxy-from-env': [ '1.1.0' ],
101 silly audit   pseudomap: [ '1.0.2' ],
101 silly audit   psl: [ '1.9.0' ],
101 silly audit   punycode: [ '2.1.1' ],
101 silly audit   q: [ '1.5.1' ],
101 silly audit   querystringify: [ '2.2.0' ],
101 silly audit   'queue-microtask': [ '1.2.3' ],
101 silly audit   'quick-lru': [ '5.1.1' ],
101 silly audit   raf: [ '3.4.1' ],
101 silly audit   randombytes: [ '2.1.0' ],
101 silly audit   'range-parser': [ '1.2.1' ],
101 silly audit   react: [ '17.0.2' ],
101 silly audit   'react-app-polyfill': [ '3.0.0' ],
101 silly audit   'react-bootstrap': [ '2.5.0' ],
101 silly audit   'react-dev-utils': [ '12.0.1' ],
101 silly audit   'react-dom': [ '17.0.2' ],
101 silly audit   'react-error-overlay': [ '6.0.11' ],
101 silly audit   'react-lifecycles-compat': [ '3.0.4' ],
101 silly audit   'react-refresh': [ '0.11.0' ],
101 silly audit   'react-router': [ '6.4.1' ],
101 silly audit   'react-router-dom': [ '6.4.1' ],
101 silly audit   'react-scripts': [ '5.0.1' ],
101 silly audit   'react-transition-group': [ '4.4.5' ],
101 silly audit   'read-cache': [ '1.0.0' ],
101 silly audit   readdirp: [ '3.6.0' ],
101 silly audit   'recursive-readdir': [ '2.2.2' ],
101 silly audit   redent: [ '3.0.0' ],
101 silly audit   regenerate: [ '1.4.2' ],
101 silly audit   'regenerate-unicode-properties': [ '10.1.0' ],
101 silly audit   'regenerator-runtime': [ '0.13.9' ],
101 silly audit   'regenerator-transform': [ '0.15.0' ],
101 silly audit   'regex-parser': [ '2.2.11' ],
101 silly audit   'regexp.prototype.flags': [ '1.4.3' ],
101 silly audit   regexpp: [ '3.2.0' ],
101 silly audit   'regexpu-core': [ '5.2.1' ],
101 silly audit   regjsgen: [ '0.7.1' ],
101 silly audit   regjsparser: [ '0.9.1' ],
101 silly audit   relateurl: [ '0.2.7' ],
101 silly audit   renderkid: [ '3.0.0' ],
101 silly audit   'require-directory': [ '2.1.1' ],
101 silly audit   'require-from-string': [ '2.0.2' ],
101 silly audit   'requires-port': [ '1.0.0' ],
101 silly audit   'resolve-cwd': [ '3.0.0' ],
101 silly audit   'resolve-url-loader': [ '4.0.0' ],
101 silly audit   'resolve.exports': [ '1.1.0' ],
101 silly audit   retry: [ '0.13.1' ],
101 silly audit   reusify: [ '1.0.4' ],
101 silly audit   rimraf: [ '3.0.2' ],
101 silly audit   rollup: [ '2.79.1' ],
101 silly audit   'rollup-plugin-terser': [ '7.0.2' ],
101 silly audit   'serialize-javascript': [ '4.0.0', '6.0.0' ],
101 silly audit   'run-parallel': [ '1.2.0' ],
101 silly audit   'safe-regex-test': [ '1.0.0' ],
101 silly audit   'safer-buffer': [ '2.1.2' ],
101 silly audit   'sanitize.css': [ '13.0.0' ],
101 silly audit   'sass-loader': [ '12.6.0' ],
101 silly audit   sax: [ '1.2.4' ],
101 silly audit   saxes: [ '5.0.1' ],
101 silly audit   scheduler: [ '0.20.2' ],
101 silly audit   'select-hose': [ '2.0.0' ],
101 silly audit   selfsigned: [ '2.1.1' ],
101 silly audit   send: [ '0.18.0' ],
101 silly audit   'serve-index': [ '1.9.1' ],
101 silly audit   setprototypeof: [ '1.1.0', '1.2.0' ],
101 silly audit   statuses: [ '1.5.0', '2.0.1' ],
101 silly audit   'serve-static': [ '1.15.0' ],
101 silly audit   'shebang-command': [ '2.0.0' ],
101 silly audit   'shebang-regex': [ '3.0.0' ],
101 silly audit   'shell-quote': [ '1.7.3' ],
101 silly audit   'side-channel': [ '1.0.4' ],
101 silly audit   'signal-exit': [ '3.0.7' ],
101 silly audit   sisteransi: [ '1.0.5' ],
101 silly audit   sockjs: [ '0.3.24' ],
101 silly audit   'source-list-map': [ '2.0.1' ],
101 silly audit   'source-map-js': [ '1.0.2' ],
101 silly audit   'source-map-loader': [ '3.0.1' ],
101 silly audit   'source-map-support': [ '0.5.21' ],
101 silly audit   'sourcemap-codec': [ '1.4.8' ],
101 silly audit   spdy: [ '4.0.2' ],
101 silly audit   'spdy-transport': [ '3.0.0' ],
101 silly audit   'sprintf-js': [ '1.0.3' ],
101 silly audit   stable: [ '0.1.8' ],
101 silly audit   'stack-utils': [ '2.0.5' ],
101 silly audit   stackframe: [ '1.3.4' ],
101 silly audit   'string-natural-compare': [ '3.0.1' ],
101 silly audit   'string-width': [ '4.2.3' ],
101 silly audit   'string.prototype.matchall': [ '4.0.7' ],
101 silly audit   'string.prototype.trimend': [ '1.0.5' ],
101 silly audit   'string.prototype.trimstart': [ '1.0.5' ],
101 silly audit   'stringify-object': [ '3.3.0' ],
101 silly audit   'strip-bom': [ '4.0.0', '3.0.0' ],
101 silly audit   'strip-comments': [ '2.0.1' ],
101 silly audit   'strip-final-newline': [ '2.0.0' ],
101 silly audit   'strip-indent': [ '3.0.0' ],
101 silly audit   'strip-json-comments': [ '3.1.1' ],
101 silly audit   'style-loader': [ '3.3.1' ],
101 silly audit   stylehacks: [ '5.1.0' ],
101 silly audit   'supports-hyperlinks': [ '2.3.0' ],
101 silly audit   'supports-preserve-symlinks-flag': [ '1.0.0' ],
101 silly audit   'svg-parser': [ '2.0.4' ],
101 silly audit   'symbol-tree': [ '3.2.4' ],
101 silly audit   tailwindcss: [ '3.1.8' ],
101 silly audit   'temp-dir': [ '2.0.0' ],
101 silly audit   tempy: [ '0.6.0' ],
101 silly audit   'terminal-link': [ '2.1.1' ],
101 silly audit   terser: [ '5.15.0' ],
101 silly audit   'terser-webpack-plugin': [ '5.3.6' ],
101 silly audit   'test-exclude': [ '6.0.0' ],
101 silly audit   'text-table': [ '0.2.0' ],
101 silly audit   throat: [ '6.0.1' ],
101 silly audit   thunky: [ '1.1.0' ],
101 silly audit   tmpl: [ '1.0.5' ],
101 silly audit   'to-fast-properties': [ '2.0.0' ],
101 silly audit   'to-regex-range': [ '5.0.1' ],
101 silly audit   toidentifier: [ '1.0.1' ],
101 silly audit   'tough-cookie': [ '4.1.2' ],
101 silly audit   tr46: [ '2.1.0', '1.0.1' ],
101 silly audit   tryer: [ '1.0.1' ],
101 silly audit   'tsconfig-paths': [ '3.14.1' ],
101 silly audit   tslib: [ '2.4.0', '1.14.1' ],
101 silly audit   tsutils: [ '3.21.0' ],
101 silly audit   'type-detect': [ '4.0.8' ],
101 silly audit   'typedarray-to-buffer': [ '3.1.5' ],
101 silly audit   typescript: [ '4.8.4' ],
101 silly audit   'unbox-primitive': [ '1.0.2' ],
101 silly audit   uncontrollable: [ '7.2.1' ],
101 silly audit   'unicode-canonical-property-names-ecmascript': [ '2.0.0' ],
101 silly audit   'unicode-match-property-ecmascript': [ '2.0.0' ],
101 silly audit   'unicode-match-property-value-ecmascript': [ '2.0.0' ],
101 silly audit   'unicode-property-aliases-ecmascript': [ '2.1.0' ],
101 silly audit   'unique-string': [ '2.0.0' ],
101 silly audit   unpipe: [ '1.0.0' ],
101 silly audit   unquote: [ '1.1.1' ],
101 silly audit   upath: [ '1.2.0' ],
101 silly audit   'update-browserslist-db': [ '1.0.9' ],
101 silly audit   'uri-js': [ '4.4.1' ],
101 silly audit   'url-parse': [ '1.5.10' ],
101 silly audit   'util-deprecate': [ '1.0.2' ],
101 silly audit   'util.promisify': [ '1.0.1' ],
101 silly audit   utila: [ '0.4.0' ],
101 silly audit   'utils-merge': [ '1.0.1' ],
101 silly audit   uuid: [ '8.3.2' ],
101 silly audit   'v8-to-istanbul': [ '8.1.1' ],
101 silly audit   'validate-npm-package-name': [ '3.0.0' ],
101 silly audit   vary: [ '1.1.2' ],
101 silly audit   'w3c-hr-time': [ '1.0.2' ],
101 silly audit   'w3c-xmlserializer': [ '2.0.0' ],
101 silly audit   walker: [ '1.0.8' ],
101 silly audit   warning: [ '4.0.3' ],
101 silly audit   watchpack: [ '2.4.0' ],
101 silly audit   wbuf: [ '1.7.3' ],
101 silly audit   'web-vitals': [ '2.1.4' ],
101 silly audit   webpack: [ '5.74.0' ],
101 silly audit   'webpack-dev-middleware': [ '5.3.3' ],
101 silly audit   'webpack-dev-server': [ '4.11.1' ],
101 silly audit   ws: [ '8.9.0', '7.5.9' ],
101 silly audit   'webpack-manifest-plugin': [ '4.1.1' ],
101 silly audit   'webpack-sources': [ '2.3.1', '3.2.3', '1.4.3' ],
101 silly audit   'websocket-driver': [ '0.7.4' ],
101 silly audit   'websocket-extensions': [ '0.1.4' ],
101 silly audit   'whatwg-encoding': [ '1.0.5' ],
101 silly audit   'whatwg-fetch': [ '3.6.2' ],
101 silly audit   'whatwg-mimetype': [ '2.3.0' ],
101 silly audit   'whatwg-url': [ '8.7.0', '7.1.0' ],
101 silly audit   'which-boxed-primitive': [ '1.0.2' ],
101 silly audit   'word-wrap': [ '1.2.3' ],
101 silly audit   'workbox-background-sync': [ '6.5.4' ],
101 silly audit   'workbox-broadcast-update': [ '6.5.4' ],
101 silly audit   'workbox-build': [ '6.5.4' ],
101 silly audit   '@apideck/better-ajv-errors': [ '0.3.6' ],
101 silly audit   'workbox-cacheable-response': [ '6.5.4' ],
101 silly audit   'workbox-core': [ '6.5.4' ],
101 silly audit   'workbox-expiration': [ '6.5.4' ],
101 silly audit   'workbox-google-analytics': [ '6.5.4' ],
101 silly audit   'workbox-navigation-preload': [ '6.5.4' ],
101 silly audit   'workbox-precaching': [ '6.5.4' ],
101 silly audit   'workbox-range-requests': [ '6.5.4' ],
101 silly audit   'workbox-recipes': [ '6.5.4' ],
101 silly audit   'workbox-routing': [ '6.5.4' ],
101 silly audit   'workbox-strategies': [ '6.5.4' ],
101 silly audit   'workbox-streams': [ '6.5.4' ],
101 silly audit   'workbox-sw': [ '6.5.4' ],
101 silly audit   'workbox-webpack-plugin': [ '6.5.4' ],
101 silly audit   'workbox-window': [ '6.5.4' ],
101 silly audit   'wrap-ansi': [ '7.0.0' ],
101 silly audit   wrappy: [ '1.0.2' ],
101 silly audit   'write-file-atomic': [ '3.0.3' ],
101 silly audit   'xml-name-validator': [ '3.0.0' ],
101 silly audit   xmlchars: [ '2.2.0' ],
101 silly audit   xtend: [ '4.0.2' ],
101 silly audit   y18n: [ '5.0.8' ],
101 silly audit   yaml: [ '1.10.2' ],
101 silly audit   yargs: [ '16.2.0' ],
101 silly audit   'yargs-parser': [ '20.2.9' ],
101 silly audit   'yocto-queue': [ '0.1.0' ],
101 silly audit   express: [ '4.18.2' ],
101 silly audit   'body-parser': [ '1.20.1' ],
101 silly audit   'content-type': [ '1.0.4' ],
101 silly audit   qs: [ '6.11.0' ],
101 silly audit   'type-is': [ '1.6.18' ],
101 silly audit   'raw-body': [ '2.5.1' ],
101 silly audit   'media-typer': [ '0.3.0' ]
101 silly audit }
102 verbose reify failed optional dependency /home/server/My-blog/node_modules/fsevents
103 silly reify mark deleted [ '/home/server/My-blog/node_modules/fsevents' ]
104 timing reifyNode:node_modules/fsevents Completed in 50ms
105 silly tarball no local data for qs@https://registry.npmjs.org/qs/-/qs-6.11.0.tgz. Extracting by manifest.
106 silly tarball no local data for body-parser@https://registry.npmjs.org/body-parser/-/body-parser-1.20.1.tgz. Extracting by manifest.
107 silly tarball no local data for express@https://registry.npmjs.org/express/-/express-4.18.2.tgz. Extracting by manifest.
108 http fetch GET 200 https://registry.npmjs.org/body-parser/-/body-parser-1.20.1.tgz 104ms (cache miss)
109 timing reifyNode:node_modules/body-parser Completed in 162ms
110 http fetch GET 200 https://registry.npmjs.org/qs/-/qs-6.11.0.tgz 120ms (cache miss)
111 timing reifyNode:node_modules/qs Completed in 178ms
112 http fetch GET 200 https://registry.npmjs.org/express/-/express-4.18.2.tgz 119ms (cache miss)
113 timing reifyNode:node_modules/express Completed in 179ms
114 timing reify:unpack Completed in 181ms
115 timing reify:unretire Completed in 19ms
116 timing build:queue Completed in 1ms
117 timing build:deps Completed in 1ms
118 timing build Completed in 1ms
119 timing reify:build Completed in 2ms
120 timing reify:trash Completed in 8ms
121 http fetch POST 200 https://registry.npmjs.org/-/npm/v1/security/advisories/bulk 639ms
122 timing auditReport:getReport Completed in 655ms
123 silly audit report {
123 silly audit report   'nth-check': [
123 silly audit report     {
123 silly audit report       id: 1070415,
123 silly audit report       url: 'https://github.com/advisories/GHSA-rp65-9cf3-cjxr',
123 silly audit report       title: 'Inefficient Regular Expression Complexity in nth-check',
123 silly audit report       severity: 'high',
123 silly audit report       vulnerable_versions: '<2.0.1',
123 silly audit report       cwe: [Array],
123 silly audit report       cvss: [Object]
123 silly audit report     }
123 silly audit report   ],
123 silly audit report   minimatch: [
123 silly audit report     {
123 silly audit report       id: 1084765,
123 silly audit report       url: 'https://github.com/advisories/GHSA-f8q6-p94x-37v3',
123 silly audit report       title: 'minimatch ReDoS vulnerability',
123 silly audit report       severity: 'high',
123 silly audit report       vulnerable_versions: '<3.0.5',
123 silly audit report       cwe: [Array],
123 silly audit report       cvss: [Object]
123 silly audit report     }
123 silly audit report   ]
123 silly audit report }
124 timing metavuln:cache:get:security-advisory:minimatch:+9SGwmlcalAea11K2GVsvQfjWw965zBttp7hAKanb2xCp8W9Pig14zX2S2nTcC9KSa0UHmcdnjQhUZp3zlW5IQ== Completed in 2ms
125 timing reify:save Completed in 447ms
126 timing metavuln:cache:get:security-advisory:nth-check:q9W4Mnp2CLaC09BzzYywfkVmzHJt3Pfi70IxO1TfKO7ZrbohQ6/nxWo3z5u4rueV2a6cv2KwRNGkr8INdCPsAA== Completed in 340ms
127 http fetch GET 200 https://registry.npmjs.org/minimatch 377ms (cache revalidated)
128 timing metavuln:packument:minimatch Completed in 378ms
129 timing metavuln:load:security-advisory:minimatch:1084765 Completed in 5ms
130 timing metavuln:cache:put:security-advisory:minimatch:+9SGwmlcalAea11K2GVsvQfjWw965zBttp7hAKanb2xCp8W9Pig14zX2S2nTcC9KSa0UHmcdnjQhUZp3zlW5IQ== Completed in 16ms
131 timing metavuln:calculate:security-advisory:minimatch:1084765 Completed in 401ms
132 http fetch GET 200 https://registry.npmjs.org/nth-check 565ms (cache revalidated)
133 timing metavuln:packument:nth-check Completed in 567ms
134 timing metavuln:load:security-advisory:nth-check:1070415 Completed in 0ms
135 timing metavuln:calculate:security-advisory:nth-check:1070415 Completed in 568ms
136 timing metavuln:cache:get:security-advisory:css-select:Cxw9fRDewmSWmgz2FKrA6NxOmfFcZUbDmGpLvLcdHOYo/u/2s4slp6+dC0iXKYoI5W/3wY96QWqliI2xwnvevA== Completed in 4ms
137 http fetch GET 200 https://registry.npmjs.org/css-select 695ms (cache revalidated)
138 timing metavuln:packument:css-select Completed in 696ms
139 timing metavuln:load:security-advisory:css-select:q9W4Mnp2CLaC09BzzYywfkVmzHJt3Pfi70IxO1TfKO7ZrbohQ6/nxWo3z5u4rueV2a6cv2KwRNGkr8INdCPsAA== Completed in 1ms
140 timing metavuln:calculate:security-advisory:css-select:q9W4Mnp2CLaC09BzzYywfkVmzHJt3Pfi70IxO1TfKO7ZrbohQ6/nxWo3z5u4rueV2a6cv2KwRNGkr8INdCPsAA== Completed in 697ms
141 timing metavuln:cache:get:security-advisory:recursive-readdir:rQ/kwO3c6vOT/pg++l94hRhWLTLXSIQj4FoD53M3yr6vgZurknWbNILKitdx2hFworW+v2tUPo3rtMLVreFsOg== Completed in 1ms
142 http fetch GET 200 https://registry.npmjs.org/recursive-readdir 27ms (cache revalidated)
143 timing metavuln:packument:recursive-readdir Completed in 28ms
144 timing metavuln:load:security-advisory:recursive-readdir:+9SGwmlcalAea11K2GVsvQfjWw965zBttp7hAKanb2xCp8W9Pig14zX2S2nTcC9KSa0UHmcdnjQhUZp3zlW5IQ== Completed in 3ms
145 timing metavuln:cache:put:security-advisory:recursive-readdir:rQ/kwO3c6vOT/pg++l94hRhWLTLXSIQj4FoD53M3yr6vgZurknWbNILKitdx2hFworW+v2tUPo3rtMLVreFsOg== Completed in 2ms
146 timing metavuln:calculate:security-advisory:recursive-readdir:+9SGwmlcalAea11K2GVsvQfjWw965zBttp7hAKanb2xCp8W9Pig14zX2S2nTcC9KSa0UHmcdnjQhUZp3zlW5IQ== Completed in 33ms
147 timing metavuln:cache:get:security-advisory:svgo:0505IGBCsLcG763PwR0Yit9arHQYlHm1It3auR+OOjX5CKb88KrcjEUM7C7TuJTr7sIri9shjQYUDOTjtJ7VxQ== Completed in 2ms
148 http fetch GET 200 https://registry.npmjs.org/svgo 709ms (cache revalidated)
149 timing metavuln:packument:svgo Completed in 711ms
150 timing metavuln:load:security-advisory:svgo:Cxw9fRDewmSWmgz2FKrA6NxOmfFcZUbDmGpLvLcdHOYo/u/2s4slp6+dC0iXKYoI5W/3wY96QWqliI2xwnvevA== Completed in 0ms
151 timing metavuln:calculate:security-advisory:svgo:Cxw9fRDewmSWmgz2FKrA6NxOmfFcZUbDmGpLvLcdHOYo/u/2s4slp6+dC0iXKYoI5W/3wY96QWqliI2xwnvevA== Completed in 712ms
152 timing metavuln:cache:get:security-advisory:react-dev-utils:ft86pI1OWSEOtRah2VIQTw1ubFrurqYkzdHJYSEpNCLYl+6DBNX+wAaPY1W4evdN5QoF+r8Snqo5/mzQnFEBcg== Completed in 2ms
153 http fetch GET 200 https://registry.npmjs.org/react-dev-utils 31ms (cache revalidated)
154 timing metavuln:packument:react-dev-utils Completed in 34ms
155 timing metavuln:load:security-advisory:react-dev-utils:rQ/kwO3c6vOT/pg++l94hRhWLTLXSIQj4FoD53M3yr6vgZurknWbNILKitdx2hFworW+v2tUPo3rtMLVreFsOg== Completed in 8ms
156 timing metavuln:cache:put:security-advisory:react-dev-utils:ft86pI1OWSEOtRah2VIQTw1ubFrurqYkzdHJYSEpNCLYl+6DBNX+wAaPY1W4evdN5QoF+r8Snqo5/mzQnFEBcg== Completed in 2ms
157 timing metavuln:calculate:security-advisory:react-dev-utils:rQ/kwO3c6vOT/pg++l94hRhWLTLXSIQj4FoD53M3yr6vgZurknWbNILKitdx2hFworW+v2tUPo3rtMLVreFsOg== Completed in 45ms
158 timing metavuln:cache:get:security-advisory:@svgr/plugin-svgo:CqjIE74LUybGuzhbOcPvgfmJJ4AN+3Cmq9FzZDiCt1ELxnaKCAoZjGUaNxVFfq+HJFg9p5IcyhjSc8wXjotVFw== Completed in 2ms
159 http fetch GET 200 https://registry.npmjs.org/@svgr%2fplugin-svgo 330ms (cache updated)
160 timing metavuln:packument:@svgr/plugin-svgo Completed in 330ms
161 timing metavuln:load:security-advisory:@svgr/plugin-svgo:0505IGBCsLcG763PwR0Yit9arHQYlHm1It3auR+OOjX5CKb88KrcjEUM7C7TuJTr7sIri9shjQYUDOTjtJ7VxQ== Completed in 2ms
162 timing metavuln:cache:put:security-advisory:@svgr/plugin-svgo:CqjIE74LUybGuzhbOcPvgfmJJ4AN+3Cmq9FzZDiCt1ELxnaKCAoZjGUaNxVFfq+HJFg9p5IcyhjSc8wXjotVFw== Completed in 2ms
163 timing metavuln:calculate:security-advisory:@svgr/plugin-svgo:0505IGBCsLcG763PwR0Yit9arHQYlHm1It3auR+OOjX5CKb88KrcjEUM7C7TuJTr7sIri9shjQYUDOTjtJ7VxQ== Completed in 334ms
164 timing metavuln:cache:get:security-advisory:react-scripts:LUkQ3Hd+mt7qzxFoEPyahTnfS0bzflB6J8Mi36h3/LTK2WHqPJsJ+RU7PuD/5ZK633RfNFEeIwsUZsdnGE8FIw== Completed in 1ms
165 http fetch GET 200 https://registry.npmjs.org/react-scripts 30ms (cache revalidated)
166 timing metavuln:packument:react-scripts Completed in 37ms
167 timing metavuln:load:security-advisory:react-scripts:ft86pI1OWSEOtRah2VIQTw1ubFrurqYkzdHJYSEpNCLYl+6DBNX+wAaPY1W4evdN5QoF+r8Snqo5/mzQnFEBcg== Completed in 80ms
168 timing metavuln:cache:put:security-advisory:react-scripts:LUkQ3Hd+mt7qzxFoEPyahTnfS0bzflB6J8Mi36h3/LTK2WHqPJsJ+RU7PuD/5ZK633RfNFEeIwsUZsdnGE8FIw== Completed in 8ms
169 timing metavuln:calculate:security-advisory:react-scripts:ft86pI1OWSEOtRah2VIQTw1ubFrurqYkzdHJYSEpNCLYl+6DBNX+wAaPY1W4evdN5QoF+r8Snqo5/mzQnFEBcg== Completed in 125ms
170 timing metavuln:cache:get:security-advisory:@svgr/webpack:6kGFeBaa+c/FiSh7gkidT8uneFtpq6JLmia0+ROmr6BVMW4bnUZ9bZd/dO+Squ13eCU8+LJ9HJjq2v7UKojEPA== Completed in 5ms
171 http fetch GET 200 https://registry.npmjs.org/@svgr%2fwebpack 44ms (cache updated)
172 timing metavuln:packument:@svgr/webpack Completed in 46ms
173 timing metavuln:load:security-advisory:@svgr/webpack:CqjIE74LUybGuzhbOcPvgfmJJ4AN+3Cmq9FzZDiCt1ELxnaKCAoZjGUaNxVFfq+HJFg9p5IcyhjSc8wXjotVFw== Completed in 4ms
174 timing metavuln:cache:put:security-advisory:@svgr/webpack:6kGFeBaa+c/FiSh7gkidT8uneFtpq6JLmia0+ROmr6BVMW4bnUZ9bZd/dO+Squ13eCU8+LJ9HJjq2v7UKojEPA== Completed in 2ms
175 timing metavuln:calculate:security-advisory:@svgr/webpack:CqjIE74LUybGuzhbOcPvgfmJJ4AN+3Cmq9FzZDiCt1ELxnaKCAoZjGUaNxVFfq+HJFg9p5IcyhjSc8wXjotVFw== Completed in 53ms
176 timing metavuln:cache:get:security-advisory:react-scripts:jzAvVcibtp6793goF6bMS+3REmxevJ33fk+CUpasW439H9DWo8HZryeL2vn3uGr5kT2MYZIC9lZQ2/rASfNe7w== Completed in 3ms
177 timing metavuln:load:security-advisory:react-scripts:6kGFeBaa+c/FiSh7gkidT8uneFtpq6JLmia0+ROmr6BVMW4bnUZ9bZd/dO+Squ13eCU8+LJ9HJjq2v7UKojEPA== Completed in 5ms
178 timing metavuln:cache:put:security-advisory:react-scripts:jzAvVcibtp6793goF6bMS+3REmxevJ33fk+CUpasW439H9DWo8HZryeL2vn3uGr5kT2MYZIC9lZQ2/rASfNe7w== Completed in 2ms
179 timing metavuln:calculate:security-advisory:react-scripts:6kGFeBaa+c/FiSh7gkidT8uneFtpq6JLmia0+ROmr6BVMW4bnUZ9bZd/dO+Squ13eCU8+LJ9HJjq2v7UKojEPA== Completed in 10ms
180 timing auditReport:init Completed in 2595ms
181 timing reify:audit Completed in 3252ms
182 timing reify Completed in 6096ms
183 silly ADD
184 silly CHANGE node_modules/qs
185 silly CHANGE node_modules/express
186 silly CHANGE node_modules/body-parser
187 timing command:install Completed in 6118ms
188 verbose exit 0
189 timing npm Completed in 6250ms
190 info ok
