0 verbose cli /usr/local/bin/node /usr/local/bin/npm
1 info using npm@8.19.1
2 info using node@v18.9.0
3 timing npm:load:whichnode Completed in 1ms
4 timing config:load:defaults Completed in 3ms
5 timing config:load:file:/usr/local/lib/node_modules/npm/npmrc Completed in 19ms
6 timing config:load:builtin Completed in 20ms
7 timing config:load:cli Completed in 6ms
8 timing config:load:env Completed in 18ms
9 timing config:load:file:/home/coder/.cache/typescript/4.8/.npmrc Completed in 1ms
10 timing config:load:project Completed in 32ms
11 timing config:load:file:/home/coder/.npmrc Completed in 0ms
12 timing config:load:user Completed in 1ms
13 timing config:load:file:/usr/local/etc/npmrc Completed in 0ms
14 timing config:load:global Completed in 0ms
15 timing config:load:validate Completed in 1ms
16 timing config:load:credentials Completed in 1ms
17 timing config:load:setEnvs Completed in 1ms
18 timing config:load Completed in 85ms
19 timing npm:load:configload Completed in 85ms
20 timing npm:load:mkdirpcache Completed in 3ms
21 timing npm:load:mkdirplogs Completed in 3ms
22 verbose title npm install types-registry@latest
23 verbose argv "install" "--ignore-scripts" "types-registry@latest"
24 timing npm:load:setTitle Completed in 2ms
25 timing config:load:flatten Completed in 6ms
26 timing npm:load:display Completed in 18ms
27 verbose logfile logs-max:10 dir:/home/coder/.npm/_logs
28 verbose logfile /home/coder/.npm/_logs/2022-10-23T09_41_30_129Z-debug-0.log
29 timing npm:load:logFile Completed in 20ms
30 timing npm:load:timers Completed in 0ms
31 timing npm:load:configScope Completed in 0ms
32 timing npm:load Completed in 134ms
33 timing arborist:ctor Completed in 2ms
34 silly logfile start cleaning logs, removing 1 files
35 silly logfile done cleaning log files
36 timing idealTree:init Completed in 238ms
37 timing arborist:ctor Completed in 0ms
38 http fetch GET 200 https://registry.npmjs.org/types-registry 209ms (cache updated)
39 timing idealTree:userRequests Completed in 220ms
40 silly idealTree buildDeps
41 silly fetch manifest types-registry@0.1.615
42 silly placeDep ROOT types-registry@0.1.615 REPLACE for:  want: 0.1.615
43 timing idealTree:#root Completed in 7ms
44 timing idealTree:node_modules/types-registry Completed in 0ms
45 timing idealTree:buildDeps Completed in 9ms
46 timing idealTree:fixDepFlags Completed in 1ms
47 timing idealTree Completed in 472ms
48 timing reify:loadTrees Completed in 473ms
49 timing reify:diffTrees Completed in 6ms
50 silly reify mark retired [ '/home/coder/.cache/typescript/4.8/node_modules/types-registry' ]
51 silly reify moves {
51 silly reify   '/home/coder/.cache/typescript/4.8/node_modules/types-registry': '/home/coder/.cache/typescript/4.8/node_modules/.types-registry-PwUd7RDm'
51 silly reify }
52 timing reify:retireShallow Completed in 9ms
53 timing reify:createSparse Completed in 1ms
54 timing reify:loadBundles Completed in 0ms
55 silly audit bulk request {
55 silly audit   '@types/accepts': [ '1.3.5' ],
55 silly audit   '@types/body-parser': [ '1.19.2' ],
55 silly audit   '@types/bonjour': [ '3.5.10' ],
55 silly audit   '@types/case-sensitive-paths-webpack-plugin': [ '2.1.6' ],
55 silly audit   '@types/clean-css': [ '4.2.6' ],
55 silly audit   '@types/connect': [ '3.4.35' ],
55 silly audit   '@types/connect-history-api-fallback': [ '1.3.5' ],
55 silly audit   '@types/cross-spawn': [ '6.0.2' ],
55 silly audit   '@types/debug': [ '4.1.7' ],
55 silly audit   '@types/escape-html': [ '1.0.2' ],
55 silly audit   '@types/eslint': [ '8.4.6' ],
55 silly audit   '@types/estree': [ '1.0.0' ],
55 silly audit   '@types/express': [ '4.17.14' ],
55 silly audit   '@types/express-serve-static-core': [ '4.17.31' ],
55 silly audit   '@types/history': [ '4.7.11' ],
55 silly audit   '@types/html-minifier': [ '4.0.2' ],
55 silly audit   '@types/html-minifier-terser': [ '7.0.0' ],
55 silly audit   '@types/html-webpack-plugin': [ '3.2.6' ],
55 silly audit   '@types/http-errors': [ '1.8.2' ],
55 silly audit   '@types/http-proxy': [ '1.17.9' ],
55 silly audit   '@types/json-schema': [ '7.0.11' ],
55 silly audit   '@types/loader-utils': [ '2.0.3' ],
55 silly audit   '@types/mime': [ '3.0.1' ],
55 silly audit   '@types/mime-types': [ '2.1.1' ],
55 silly audit   '@types/ms': [ '0.7.31' ],
55 silly audit   '@types/node': [ '18.7.19' ],
55 silly audit   '@types/parseurl': [ '1.3.1' ],
55 silly audit   '@types/prompts': [ '2.0.14' ],
55 silly audit   '@types/prop-types': [ '15.7.5' ],
55 silly audit   '@types/qs': [ '6.9.7' ],
55 silly audit   '@types/range-parser': [ '1.2.4' ],
55 silly audit   '@types/react': [ '18.0.21' ],
55 silly audit   '@types/react-dev-utils': [ '9.0.11' ],
55 silly audit   '@types/react-router': [ '5.1.19' ],
55 silly audit   '@types/react-router-dom': [ '5.3.3' ],
55 silly audit   '@types/relateurl': [ '0.2.29' ],
55 silly audit   '@types/resolve': [ '1.20.2' ],
55 silly audit   '@types/scheduler': [ '0.16.2' ],
55 silly audit   '@types/semver': [ '7.3.12' ],
55 silly audit   '@types/serve-index': [ '1.9.1' ],
55 silly audit   '@types/serve-static': [ '1.15.0' ],
55 silly audit   '@types/sockjs': [ '0.3.33' ],
55 silly audit   '@types/source-list-map': [ '0.1.2' ],
55 silly audit   '@types/tapable': [ '1.0.8' ],
55 silly audit   '@types/uglify-js': [ '3.17.0' ],
55 silly audit   '@types/webpack': [ '4.41.32' ],
55 silly audit   '@types/webpack-dev-server': [ '3.11.6' ],
55 silly audit   '@types/webpack-sources': [ '3.2.0' ],
55 silly audit   'source-map': [ '0.7.4', '0.6.1' ],
55 silly audit   '@types/workbox-webpack-plugin': [ '5.1.8' ],
55 silly audit   '@types/ws': [ '8.5.3' ],
55 silly audit   anymatch: [ '3.1.2' ],
55 silly audit   braces: [ '3.0.2' ],
55 silly audit   csstype: [ '3.1.1' ],
55 silly audit   eventemitter3: [ '4.0.7' ],
55 silly audit   'fill-range': [ '7.0.1' ],
55 silly audit   'follow-redirects': [ '1.15.2' ],
55 silly audit   'http-proxy': [ '1.18.1' ],
55 silly audit   'http-proxy-middleware': [ '1.3.1' ],
55 silly audit   'is-extglob': [ '2.1.1' ],
55 silly audit   'is-glob': [ '4.0.3' ],
55 silly audit   'is-number': [ '7.0.0' ],
55 silly audit   'is-plain-obj': [ '3.0.0' ],
55 silly audit   micromatch: [ '4.0.5' ],
55 silly audit   'normalize-path': [ '3.0.0' ],
55 silly audit   picomatch: [ '2.3.1' ],
55 silly audit   'requires-port': [ '1.0.0' ],
55 silly audit   'to-regex-range': [ '5.0.1' ],
55 silly audit   'types-registry': [ '0.1.615' ]
55 silly audit }
56 silly tarball no local data for types-registry@https://registry.npmjs.org/types-registry/-/types-registry-0.1.615.tgz. Extracting by manifest.
57 http fetch GET 200 https://registry.npmjs.org/types-registry/-/types-registry-0.1.615.tgz 79ms (cache miss)
58 timing reifyNode:node_modules/types-registry Completed in 90ms
59 timing reify:unpack Completed in 91ms
60 timing reify:unretire Completed in 0ms
61 timing build:queue Completed in 0ms
62 timing build:deps Completed in 0ms
63 timing build Completed in 1ms
64 timing reify:build Completed in 1ms
65 timing reify:trash Completed in 1ms
66 timing reify:save Completed in 52ms
67 http fetch POST 200 https://registry.npmjs.org/-/npm/v1/security/advisories/bulk 213ms
68 timing auditReport:getReport Completed in 218ms
69 silly audit report {}
70 timing auditReport:init Completed in 0ms
71 timing reify:audit Completed in 219ms
72 timing reify Completed in 718ms
73 silly CHANGE node_modules/types-registry
74 timing command:install Completed in 729ms
75 verbose exit 0
76 timing npm Completed in 1056ms
77 info ok
