[2022-10-06 06:51:08.023] [exthost] [info] Extension host with pid 27467 started
[2022-10-06 06:51:08.035] [exthost] [info] Lock '/home/coder/.local/share/code-server/User/workspaceStorage/-10a5ee21/vscode.lock': Lock acquired.
[2022-10-06 06:51:08.089] [exthost] [info] ExtensionService#_doActivateExtension vscode.debug-auto-launch, startup: true, activationEvent: '*'
[2022-10-06 06:51:08.096] [exthost] [info] ExtensionService#_doActivateExtension vscode.git-base, startup: true, activationEvent: '*'
[2022-10-06 06:51:08.101] [exthost] [info] ExtensionService#_doActivateExtension vscode.ipynb, startup: true, activationEvent: '*'
[2022-10-06 06:51:08.163] [exthost] [info] ExtensionService#_doActivateExtension vscode.github, startup: true, activationEvent: '*'
[2022-10-06 06:51:08.198] [exthost] [info] ExtensionService#_doActivateExtension vscode.emmet, startup: false, activationEvent: 'onStartupFinished'
[2022-10-06 06:51:08.235] [exthost] [info] ExtensionService#_doActivateExtension vscode.merge-conflict, startup: false, activationEvent: 'onStartupFinished'
[2022-10-06 06:51:08.243] [exthost] [info] Eager extensions activated
[2022-10-06 06:51:08.686] [exthost] [info] ExtensionService#_doActivateExtension vscode.git, startup: false, activationEvent: 'api', root cause: vscode.github
[2022-10-06 06:51:08.863] [exthost] [info] ExtensionService#_doActivateExtension ritwickdey.LiveServer, startup: false, activationEvent: 'onStartupFinished'
[2022-10-06 06:51:14.659] [exthost] [info] ExtensionService#_doActivateExtension vscode.typescript-language-features, startup: false, activationEvent: 'onLanguage:javascript'
[2022-10-06 06:59:22.020] [exthost] [info] ExtensionService#_doActivateExtension vscode.css-language-features, startup: false, activationEvent: 'onLanguage:css'
[2022-10-06 14:23:07.398] [exthost] [error] [vscode.typescript-language-features] provider FAILED
[2022-10-06 14:23:07.421] [exthost] [error] Error: <semantic> TypeScript Server Error (4.8.2)
Debug Failure. Did not expect JsxClosingFragment to have an Identifier in its trivia
Error: Debug Failure. Did not expect JsxClosingFragment to have an Identifier in its trivia
    at addSyntheticNodes (/usr/lib/code-server/lib/vscode/extensions/node_modules/typescript/lib/tsserver.js:166044:30)
    at createChildren (/usr/lib/code-server/lib/vscode/extensions/node_modules/typescript/lib/tsserver.js:166033:9)
    at NodeObject.getChildren (/usr/lib/code-server/lib/vscode/extensions/node_modules/typescript/lib/tsserver.js:165975:56)
    at _loop_1 (/usr/lib/code-server/lib/vscode/extensions/node_modules/typescript/lib/tsserver.js:128959:36)
    at getTokenAtPositionWorker (/usr/lib/code-server/lib/vscode/extensions/node_modules/typescript/lib/tsserver.js:129016:27)
    at getTouchingToken (/usr/lib/code-server/lib/vscode/extensions/node_modules/typescript/lib/tsserver.js:128945:16)
    at Object.getTouchingPropertyName (/usr/lib/code-server/lib/vscode/extensions/node_modules/typescript/lib/tsserver.js:128937:16)
    at Object.getQuickInfoAtPosition (/usr/lib/code-server/lib/vscode/extensions/node_modules/typescript/lib/tsserver.js:167291:27)
    at IpcIOSession.Session.getQuickInfoWorker (/usr/lib/code-server/lib/vscode/extensions/node_modules/typescript/lib/tsserver.js:179304:62)
    at Session.handlers.ts.Map.ts.getEntries._a.<computed> (/usr/lib/code-server/lib/vscode/extensions/node_modules/typescript/lib/tsserver.js:178026:61)
    at /usr/lib/code-server/lib/vscode/extensions/node_modules/typescript/lib/tsserver.js:180140:96
    at IpcIOSession.Session.executeWithRequestId (/usr/lib/code-server/lib/vscode/extensions/node_modules/typescript/lib/tsserver.js:180131:28)
    at IpcIOSession.Session.executeCommand (/usr/lib/code-server/lib/vscode/extensions/node_modules/typescript/lib/tsserver.js:180140:41)
    at IpcIOSession.Session.onMessage (/usr/lib/code-server/lib/vscode/extensions/node_modules/typescript/lib/tsserver.js:180168:35)
    at process.<anonymous> (/usr/lib/code-server/lib/vscode/extensions/node_modules/typescript/lib/tsserver.js:184334:31)
    at process.emit (node:events:513:28)
    at emit (node:internal/child_process:939:14)
    at processTicksAndRejections (node:internal/process/task_queues:84:21)
	at Function.create (/usr/lib/code-server/lib/vscode/extensions/typescript-language-features/dist/extension.js:1:511543)
	at dispatchResponse (/usr/lib/code-server/lib/vscode/extensions/typescript-language-features/dist/extension.js:1:505391)
	at dispatchMessage (/usr/lib/code-server/lib/vscode/extensions/typescript-language-features/dist/extension.js:1:504259)
	at ChildProcess.<anonymous> (/usr/lib/code-server/lib/vscode/extensions/typescript-language-features/dist/extension.js:1:503744)
	at ChildProcess.emit (node:events:513:28)
	at emit (node:internal/child_process:939:14)
	at processTicksAndRejections (node:internal/process/task_queues:84:21)
[2022-10-06 17:16:25.423] [exthost] [info] ExtensionService#_doActivateExtension vscode.html-language-features, startup: false, activationEvent: 'onLanguage:html'
[2022-10-06 17:17:14.858] [exthost] [info] Extension host terminating: received terminate message from renderer
[2022-10-06 17:17:14.860] [exthost] [info] Lock '/home/coder/.local/share/code-server/User/workspaceStorage/-10a5ee21/vscode.lock': Marking the lockfile as scheduled to be released in 6000 ms.
[2022-10-06 17:17:14.943] [exthost] [info] Extension host with pid 27467 exiting with code 0
