[Info  - 06:07:12.826] Reading sessions from keychain...
[Info  - 06:07:12.868] Getting sessions for all scopes...
[Info  - 06:07:12.878] Getting sessions for read:user,repo,user:email,workflow...
[Trace  - 06:07:12.890] Token acquired from secret storage.
[Info  - 06:07:12.890] Got stored sessions!
[Trace  - 06:07:12.890] Read the following session from the keychain with the following scopes: read:user repo user:email workflow
[Info  - 06:07:12.891] Got 1 verified sessions.
[Info  - 06:07:12.891] Got 1 sessions for ...
[Info  - 06:07:12.891] Got 1 sessions for read:user,repo,user:email,workflow...
[Info  - 06:07:14.864] Logging in for the following scopes: read:user repo user:email workflow
[Info  - 06:07:14.878] Trying device code flow... (read:user repo user:email workflow)
[Info  - 06:07:32.281] Getting user info...
[Info  - 06:07:32.612] Got account info!
[Info  - 06:07:32.612] Storing 1 sessions...
[Info  - 06:07:32.646] Reading sessions from keychain...
[Info  - 06:07:32.646] Stored 1 sessions!
[Info  - 06:07:32.646] Login success!
[Trace  - 06:07:32.677] Token acquired from secret storage.
[Info  - 06:07:32.677] Got stored sessions!
[Trace  - 06:07:32.678] Read the following session from the keychain with the following scopes: read:user repo user:email workflow
[Info  - 06:07:32.678] Got 1 verified sessions.
[Info  - 06:08:55.141] Getting sessions for read:user,repo,user:email,workflow...
[Info  - 06:08:55.142] Got 1 sessions for read:user,repo,user:email,workflow...
