[2022-10-22 07:24:42.618] [exthost] [info] Extension host with pid 930 started
[2022-10-22 07:24:42.631] [exthost] [info] Lock '/home/coder/.local/share/code-server/User/workspaceStorage/6a59749/vscode.lock': Lock acquired.
[2022-10-22 07:24:42.774] [exthost] [info] ExtensionService#_doActivateExtension vscode.debug-auto-launch, startup: true, activationEvent: '*'
[2022-10-22 07:24:42.781] [exthost] [info] ExtensionService#_doActivateExtension vscode.git-base, startup: true, activationEvent: '*'
[2022-10-22 07:24:42.787] [exthost] [info] ExtensionService#_doActivateExtension vscode.ipynb, startup: true, activationEvent: '*'
[2022-10-22 07:24:42.898] [exthost] [info] ExtensionService#_doActivateExtension vscode.github, startup: true, activationEvent: '*'
[2022-10-22 07:24:43.010] [exthost] [info] ExtensionService#_doActivateExtension vscode.typescript-language-features, startup: false, activationEvent: 'onLanguage:javascript'
[2022-10-22 07:24:43.064] [exthost] [info] ExtensionService#_doActivateExtension vscode.emmet, startup: false, activationEvent: 'onStartupFinished'
[2022-10-22 07:24:43.082] [exthost] [info] ExtensionService#_doActivateExtension vscode.merge-conflict, startup: false, activationEvent: 'onStartupFinished'
[2022-10-22 07:24:43.087] [exthost] [info] Eager extensions activated
[2022-10-22 07:24:44.898] [exthost] [info] ExtensionService#_doActivateExtension vscode.git, startup: false, activationEvent: 'api', root cause: vscode.github
[2022-10-22 07:24:45.146] [exthost] [info] ExtensionService#_doActivateExtension ritwickdey.LiveServer, startup: false, activationEvent: 'onStartupFinished'
[2022-10-22 10:29:08.293] [exthost] [info] ExtensionService#_doActivateExtension vscode.css-language-features, startup: false, activationEvent: 'onLanguage:css'
[2022-10-22 11:37:22.674] [exthost] [info] ExtensionService#_doActivateExtension vscode.configuration-editing, startup: false, activationEvent: 'onLanguage:json'
[2022-10-22 11:37:22.682] [exthost] [info] ExtensionService#_doActivateExtension vscode.extension-editing, startup: false, activationEvent: 'onLanguage:json'
[2022-10-22 11:37:22.696] [exthost] [info] ExtensionService#_doActivateExtension vscode.json-language-features, startup: false, activationEvent: 'onLanguage:json'
[2022-10-22 11:37:22.777] [exthost] [info] ExtensionService#_doActivateExtension vscode.npm, startup: false, activationEvent: 'onLanguage:json'
[2022-10-22 11:56:08.490] [exthost] [info] ExtensionService#_doActivateExtension vscode.html-language-features, startup: false, activationEvent: 'onLanguage:html'
[2022-10-22 11:58:40.172] [exthost] [info] ExtensionService#_doActivateExtension vscode.markdown-language-features, startup: false, activationEvent: 'onLanguage:markdown'
[2022-10-22 12:15:34.941] [exthost] [info] Extension host terminating: received terminate message from renderer
[2022-10-22 12:15:34.942] [exthost] [info] Lock '/home/coder/.local/share/code-server/User/workspaceStorage/6a59749/vscode.lock': Marking the lockfile as scheduled to be released in 6000 ms.
[2022-10-22 12:15:35.006] [exthost] [info] Extension host with pid 930 exiting with code 0
