[2022-09-27T04:28:27.497Z] Log level: Info
[2022-09-27T04:28:27.508Z] [info] Validating found git in: git
[2022-09-27T04:28:27.549Z] [info] Using git 2.30.2 from git
[2022-09-27T04:28:27.608Z] > git rev-parse --show-toplevel [44ms]
[2022-09-27T04:28:27.608Z] fatal: not a git repository (or any of the parent directories): .git
[2022-09-27T04:28:27.617Z] > git rev-parse --show-toplevel [1ms]
[2022-09-27T04:28:27.617Z] fatal: not a git repository (or any of the parent directories): .git
[2022-09-27T04:28:27.624Z] > git rev-parse --show-toplevel [2ms]
[2022-09-27T04:28:27.624Z] fatal: not a git repository (or any of the parent directories): .git
[2022-09-27T04:28:27.630Z] > git rev-parse --show-toplevel [1ms]
[2022-09-27T04:28:27.630Z] fatal: not a git repository (or any of the parent directories): .git
[2022-09-27T04:28:27.635Z] > git rev-parse --show-toplevel [1ms]
[2022-09-27T04:28:27.635Z] fatal: not a git repository (or any of the parent directories): .git
[2022-09-27T04:28:27.640Z] > git rev-parse --show-toplevel [1ms]
[2022-09-27T04:28:27.640Z] fatal: not a git repository (or any of the parent directories): .git
[2022-09-27T04:28:27.645Z] > git rev-parse --show-toplevel [1ms]
[2022-09-27T04:28:27.651Z] > git rev-parse --git-dir --git-common-dir [1ms]
[2022-09-27T04:28:27.661Z] [info] Open repository: /home/coder/My-blog
[2022-09-27T04:28:27.676Z] > git status -z -uall [7ms]
[2022-09-27T04:28:27.681Z] > git rev-parse --show-toplevel [7ms]
[2022-09-27T04:28:27.681Z] fatal: not a git repository (or any of the parent directories): .git
[2022-09-27T04:28:27.704Z] > git symbolic-ref --short HEAD [24ms]
[2022-09-27T04:28:27.710Z] > git for-each-ref --format=%(refname)%00%(upstream:short)%00%(objectname)%00%(upstream:track)%00%(upstream:remotename)%00%(upstream:remoteref) refs/heads/master refs/remotes/master [1ms]
[2022-09-27T04:28:27.722Z] > git remote --verbose [3ms]
[2022-09-27T04:28:27.722Z] > git for-each-ref --sort -committerdate --format %(refname) %(objectname) %(*objectname) [7ms]
[2022-09-27T04:28:27.734Z] > git config --get commit.template [2ms]
[2022-09-27T04:28:27.744Z] > git status -z -uall [3ms]
[2022-09-27T04:28:27.749Z] > git symbolic-ref --short HEAD [2ms]
[2022-09-27T04:28:27.755Z] > git for-each-ref --format=%(refname)%00%(upstream:short)%00%(objectname)%00%(upstream:track)%00%(upstream:remotename)%00%(upstream:remoteref) refs/heads/master refs/remotes/master [3ms]
[2022-09-27T04:28:27.768Z] > git remote --verbose [5ms]
[2022-09-27T04:28:27.768Z] > git for-each-ref --sort -committerdate --format %(refname) %(objectname) %(*objectname) [9ms]
[2022-09-27T04:28:27.775Z] > git config --get commit.template [1ms]
[2022-09-27T04:28:28.230Z] > git check-ignore -v -z --stdin [3ms]
[2022-09-27T04:28:32.138Z] > git check-ignore -v -z --stdin [1ms]
[2022-09-27T04:28:41.280Z] > git show --textconv :package.json [10ms]
[2022-09-27T04:28:41.282Z] > git ls-files --stage -- /home/coder/My-blog/package.json [3ms]
[2022-09-27T04:28:41.292Z] > git cat-file -s 4b11d1a1759a96a23a0d35cae3027961c0d0f178 [1ms]
