[2022-09-27 04:32:49.191] [exthost] [info] Extension host with pid 61 started
[2022-09-27 04:32:49.197] [exthost] [error] Error: EEXIST: file already exists, open '/home/coder/.local/share/code-server/User/workspaceStorage/-10a5ee21/vscode.lock'
[2022-09-27 04:32:49.203] [exthost] [info] Lock '/home/coder/.local/share/code-server/User/workspaceStorage/-10a5ee21/vscode.lock': Could not acquire lock, checking if the file is stale.
[2022-09-27 04:32:49.215] [exthost] [info] Lock '/home/coder/.local/share/code-server/User/workspaceStorage/-10a5ee21/vscode.lock': The lock does not look stale, elapsed: 85941 ms, giving up.
[2022-09-27 04:32:49.215] [exthost] [error] Error: EEXIST: file already exists, open '/home/coder/.local/share/code-server/User/workspaceStorage/-10a5ee21-1/vscode.lock'
[2022-09-27 04:32:49.216] [exthost] [info] Lock '/home/coder/.local/share/code-server/User/workspaceStorage/-10a5ee21-1/vscode.lock': Could not acquire lock, checking if the file is stale.
[2022-09-27 04:32:49.216] [exthost] [info] Lock '/home/coder/.local/share/code-server/User/workspaceStorage/-10a5ee21-1/vscode.lock': The lock looks stale, waiting for 2s.
[2022-09-27 04:32:49.291] [exthost] [info] ExtensionService#_doActivateExtension vscode.configuration-editing, startup: false, activationEvent: 'onLanguage:json'
[2022-09-27 04:32:49.306] [exthost] [info] ExtensionService#_doActivateExtension vscode.extension-editing, startup: false, activationEvent: 'onLanguage:json'
[2022-09-27 04:32:49.335] [exthost] [info] ExtensionService#_doActivateExtension vscode.json-language-features, startup: false, activationEvent: 'onLanguage:json'
[2022-09-27 04:32:49.480] [exthost] [info] ExtensionService#_doActivateExtension vscode.npm, startup: false, activationEvent: 'onLanguage:json'
[2022-09-27 04:32:49.537] [exthost] [info] ExtensionService#_doActivateExtension vscode.debug-auto-launch, startup: true, activationEvent: '*'
[2022-09-27 04:32:49.542] [exthost] [info] ExtensionService#_doActivateExtension vscode.git-base, startup: true, activationEvent: '*', root cause: vscode.git
[2022-09-27 04:32:49.551] [exthost] [info] ExtensionService#_doActivateExtension vscode.ipynb, startup: true, activationEvent: '*'
[2022-09-27 04:32:51.217] [exthost] [info] Lock '/home/coder/.local/share/code-server/User/workspaceStorage/-10a5ee21-1/vscode.lock': The lock looks stale even after waiting for 2s.
[2022-09-27 04:32:51.217] [exthost] [info] Lock '/home/coder/.local/share/code-server/User/workspaceStorage/-10a5ee21-1/vscode.lock': Deleting a stale lock.
[2022-09-27 04:32:51.241] [exthost] [info] Lock '/home/coder/.local/share/code-server/User/workspaceStorage/-10a5ee21-1/vscode.lock': Lock acquired.
[2022-09-27 04:32:51.435] [exthost] [info] ExtensionService#_doActivateExtension vscode.git, startup: true, activationEvent: '*'
[2022-09-27 04:32:51.525] [exthost] [info] ExtensionService#_doActivateExtension vscode.github, startup: true, activationEvent: '*'
[2022-09-27 04:32:51.683] [exthost] [info] ExtensionService#_doActivateExtension vscode.emmet, startup: false, activationEvent: 'onStartupFinished'
[2022-09-27 04:32:51.704] [exthost] [info] ExtensionService#_doActivateExtension vscode.merge-conflict, startup: false, activationEvent: 'onStartupFinished'
[2022-09-27 04:32:51.710] [exthost] [info] ExtensionService#_doActivateExtension ritwickdey.LiveServer, startup: false, activationEvent: 'onStartupFinished'
[2022-09-27 04:32:51.717] [exthost] [info] Eager extensions activated
[2022-09-27 04:32:52.012] [exthost] [info] ExtensionService#_doActivateExtension vscode.typescript-language-features, startup: false, activationEvent: 'onLanguage:jsonc'
[2022-09-27 04:52:30.061] [exthost] [info] ExtensionService#_doActivateExtension vscode.css-language-features, startup: false, activationEvent: 'onLanguage:css'
[2022-09-27 06:06:17.086] [exthost] [info] ExtensionService#_doActivateExtension vscode.image-preview, startup: false, activationEvent: 'onCustomEditor:imagePreview.previewEditor'
[2022-09-27 06:12:46.872] [exthost] [info] Extension host terminating: received terminate message from renderer
[2022-09-27 06:12:46.873] [exthost] [info] Lock '/home/coder/.local/share/code-server/User/workspaceStorage/-10a5ee21-1/vscode.lock': Marking the lockfile as scheduled to be released in 6000 ms.
[2022-09-27 06:12:46.934] [exthost] [info] Extension host with pid 61 exiting with code 0
