[2022-09-27T09:26:11.925Z] Log level: Info
[2022-09-27T09:26:11.931Z] [info] Validating found git in: git
[2022-09-27T09:26:11.963Z] [info] Using git 2.30.2 from git
[2022-09-27T09:26:11.982Z] > git rev-parse --show-toplevel [4ms]
[2022-09-27T09:26:11.982Z] fatal: not a git repository (or any of the parent directories): .git
[2022-09-27T09:26:11.990Z] > git rev-parse --show-toplevel [1ms]
[2022-09-27T09:26:11.990Z] fatal: not a git repository (or any of the parent directories): .git
[2022-09-27T09:26:11.997Z] > git rev-parse --show-toplevel [1ms]
[2022-09-27T09:26:11.997Z] fatal: not a git repository (or any of the parent directories): .git
[2022-09-27T09:26:12.003Z] > git rev-parse --show-toplevel [2ms]
[2022-09-27T09:26:12.003Z] fatal: not a git repository (or any of the parent directories): .git
[2022-09-27T09:26:12.008Z] > git rev-parse --show-toplevel [1ms]
[2022-09-27T09:26:12.008Z] fatal: not a git repository (or any of the parent directories): .git
[2022-09-27T09:26:12.013Z] > git rev-parse --show-toplevel [1ms]
[2022-09-27T09:26:12.013Z] fatal: not a git repository (or any of the parent directories): .git
[2022-09-27T09:26:12.018Z] > git rev-parse --show-toplevel [1ms]
[2022-09-27T09:26:12.025Z] > git rev-parse --git-dir --git-common-dir [1ms]
[2022-09-27T09:26:12.033Z] [info] Open repository: /home/coder/My-blog
[2022-09-27T09:26:12.049Z] > git status -z -uall [7ms]
[2022-09-27T09:26:12.054Z] > git rev-parse --show-toplevel [7ms]
[2022-09-27T09:26:12.054Z] fatal: not a git repository (or any of the parent directories): .git
[2022-09-27T09:26:12.055Z] > git symbolic-ref --short HEAD [2ms]
[2022-09-27T09:26:12.064Z] > git for-each-ref --format=%(refname)%00%(upstream:short)%00%(objectname)%00%(upstream:track)%00%(upstream:remotename)%00%(upstream:remoteref) refs/heads/master refs/remotes/master [4ms]
[2022-09-27T09:26:12.077Z] > git remote --verbose [3ms]
[2022-09-27T09:26:12.077Z] > git for-each-ref --sort -committerdate --format %(refname) %(objectname) %(*objectname) [8ms]
[2022-09-27T09:26:12.089Z] > git config --get commit.template [1ms]
[2022-09-27T09:26:12.097Z] > git status -z -uall [2ms]
[2022-09-27T09:26:12.103Z] > git symbolic-ref --short HEAD [2ms]
[2022-09-27T09:26:12.111Z] > git for-each-ref --format=%(refname)%00%(upstream:short)%00%(objectname)%00%(upstream:track)%00%(upstream:remotename)%00%(upstream:remoteref) refs/heads/master refs/remotes/master [4ms]
[2022-09-27T09:26:12.121Z] > git for-each-ref --sort -committerdate --format %(refname) %(objectname) %(*objectname) [5ms]
[2022-09-27T09:26:12.122Z] > git remote --verbose [3ms]
[2022-09-27T09:26:12.134Z] > git config --get commit.template [6ms]
[2022-09-27T09:26:12.592Z] > git check-ignore -v -z --stdin [2ms]
[2022-09-27T09:28:12.398Z] > git check-ignore -v -z --stdin [1ms]
[2022-09-27T09:28:13.367Z] > git check-ignore -v -z --stdin [1ms]
[2022-09-27T09:28:14.238Z] > git show --textconv :src/App.js [10ms]
[2022-09-27T09:28:14.238Z] > git ls-files --stage -- /home/coder/My-blog/src/App.js [1ms]
[2022-09-27T09:28:14.247Z] > git cat-file -s bb8980f3e96975c767c519667bd6634c814e19af [3ms]
[2022-09-27T09:29:05.712Z] > git show --textconv :src/App.css [6ms]
[2022-09-27T09:29:05.716Z] > git ls-files --stage -- /home/coder/My-blog/src/App.css [5ms]
[2022-09-27T09:29:05.728Z] > git cat-file -s 411cc57bed9bc2ee200aaeadd070737188d874ef [4ms]
[2022-09-27T09:29:16.145Z] > git show --textconv :src/App.js [6ms]
[2022-09-27T09:29:16.145Z] > git ls-files --stage -- /home/coder/My-blog/src/App.js [2ms]
[2022-09-27T09:29:16.150Z] > git cat-file -s bb8980f3e96975c767c519667bd6634c814e19af [1ms]
[2022-09-27T09:48:47.416Z] > git show --textconv :src/App.css [6ms]
[2022-09-27T09:48:47.417Z] > git ls-files --stage -- /home/coder/My-blog/src/App.css [2ms]
[2022-09-27T09:48:47.423Z] > git cat-file -s 411cc57bed9bc2ee200aaeadd070737188d874ef [2ms]
[2022-09-27T10:12:33.770Z] > git show --textconv :src/index.js [6ms]
[2022-09-27T10:12:33.771Z] > git ls-files --stage -- /home/coder/My-blog/src/index.js [2ms]
[2022-09-27T10:12:33.777Z] > git cat-file -s 958e43a16d13fd1156edab8219dc033082be1c47 [1ms]
[2022-09-27T10:13:13.430Z] > git show --textconv :src/App.js [7ms]
[2022-09-27T10:13:13.430Z] > git ls-files --stage -- /home/coder/My-blog/src/App.js [1ms]
[2022-09-27T10:13:13.436Z] > git cat-file -s bb8980f3e96975c767c519667bd6634c814e19af [1ms]
[2022-09-27T10:17:28.650Z] > git show --textconv :package.json [12ms]
[2022-09-27T10:17:28.653Z] > git ls-files --stage -- /home/coder/My-blog/package.json [4ms]
[2022-09-27T10:17:28.663Z] > git cat-file -s 4b11d1a1759a96a23a0d35cae3027961c0d0f178 [3ms]
[2022-09-27T10:18:55.376Z] > git ls-files --stage -- /home/coder/My-blog/package-lock.json [3ms]
[2022-09-27T10:18:55.385Z] > git show --textconv :package-lock.json [20ms]
[2022-09-27T10:18:55.386Z] > git cat-file -s 680c488699f8ff507148f94497b9bbee02a589df [3ms]
[2022-09-27T10:22:03.112Z] > git show --textconv :src/App.js [6ms]
[2022-09-27T10:22:03.113Z] > git ls-files --stage -- /home/coder/My-blog/src/App.js [2ms]
[2022-09-27T10:22:03.120Z] > git cat-file -s bb8980f3e96975c767c519667bd6634c814e19af [1ms]
[2022-09-27T10:22:24.433Z] > git ls-files --stage -- /home/coder/My-blog/package-lock.json [1ms]
[2022-09-27T10:22:24.440Z] > git show --textconv :package-lock.json [16ms]
[2022-09-27T10:22:24.441Z] > git cat-file -s 680c488699f8ff507148f94497b9bbee02a589df [2ms]
[2022-09-27T10:22:56.022Z] > git show --textconv :src/App.js [8ms]
[2022-09-27T10:22:56.023Z] > git ls-files --stage -- /home/coder/My-blog/src/App.js [2ms]
[2022-09-27T10:22:56.030Z] > git cat-file -s bb8980f3e96975c767c519667bd6634c814e19af [1ms]
[2022-09-27T10:24:09.237Z] > git check-ignore -v -z --stdin [1ms]
[2022-09-27T10:24:15.401Z] > git check-ignore -v -z --stdin [1ms]
[2022-09-27T10:24:26.103Z] > git check-ignore -v -z --stdin [1ms]
[2022-09-27T10:24:27.420Z] > git check-ignore -v -z --stdin [1ms]
[2022-09-27T10:27:06.397Z] > git check-ignore -v -z --stdin [1ms]
[2022-09-27T10:27:39.948Z] > git check-ignore -v -z --stdin [1ms]
[2022-09-27T10:27:42.171Z] > git check-ignore -v -z --stdin [1ms]
[2022-09-27T10:27:43.256Z] > git check-ignore -v -z --stdin [1ms]
[2022-09-27T10:27:44.261Z] > git check-ignore -v -z --stdin [1ms]
[2022-09-27T10:27:45.037Z] > git check-ignore -v -z --stdin [1ms]
[2022-09-27T10:27:48.145Z] > git check-ignore -v -z --stdin [3ms]
[2022-09-27T10:27:50.525Z] > git check-ignore -v -z --stdin [1ms]
[2022-09-27T10:35:57.010Z] > git check-ignore -v -z --stdin [1ms]
[2022-09-27T10:35:59.339Z] > git show --textconv :node_modules/babel-loader/package.json [30ms]
[2022-09-27T10:35:59.339Z] > git ls-files --stage -- /home/coder/My-blog/node_modules/babel-loader/package.json [18ms]
[2022-09-27T10:36:03.480Z] > git check-ignore -v -z --stdin [2ms]
[2022-09-27T10:36:42.122Z] > git check-ignore -v -z --stdin [1ms]
[2022-09-27T10:36:45.025Z] > git check-ignore -v -z --stdin [1ms]
[2022-09-27T10:36:53.288Z] > git check-ignore -v -z --stdin [1ms]
[2022-09-27T10:37:00.357Z] > git check-ignore -v -z --stdin [1ms]
[2022-09-27T10:41:17.038Z] > git rev-parse --show-toplevel [2ms]
[2022-09-27T10:41:17.038Z] fatal: not a git repository (or any of the parent directories): .git
[2022-09-27T10:42:33.880Z] > git show --textconv :node_modules/psl/.env [7ms]
[2022-09-27T10:42:33.881Z] > git ls-files --stage -- /home/coder/My-blog/node_modules/psl/.env [1ms]
[2022-09-27T10:42:34.089Z] > git check-ignore -v -z --stdin [1ms]
[2022-09-27T10:42:34.625Z] > git check-ignore -v -z --stdin [1ms]
[2022-09-27T10:42:39.273Z] > git show --textconv :node_modules/dotenv/tests/.env [6ms]
[2022-09-27T10:42:39.274Z] > git ls-files --stage -- /home/coder/My-blog/node_modules/dotenv/tests/.env [1ms]
[2022-09-27T10:42:39.755Z] > git check-ignore -v -z --stdin [1ms]
[2022-09-27T10:48:12.561Z] > git show --textconv :package.json [6ms]
[2022-09-27T10:48:12.562Z] > git ls-files --stage -- /home/coder/My-blog/package.json [1ms]
[2022-09-27T10:48:12.569Z] > git cat-file -s 4b11d1a1759a96a23a0d35cae3027961c0d0f178 [1ms]
[2022-09-27T10:49:53.371Z] > git show --textconv :node_modules/babel-loader/package.json [6ms]
[2022-09-27T10:49:53.372Z] > git ls-files --stage -- /home/coder/My-blog/node_modules/babel-loader/package.json [1ms]
[2022-09-27T10:53:20.080Z] > git rev-parse --show-toplevel [1ms]
[2022-09-27T10:53:20.080Z] fatal: not a git repository (or any of the parent directories): .git
[2022-09-27T10:54:36.292Z] > git show --textconv :package.json [7ms]
[2022-09-27T10:54:36.293Z] > git ls-files --stage -- /home/coder/My-blog/package.json [2ms]
[2022-09-27T10:54:36.300Z] > git cat-file -s 4b11d1a1759a96a23a0d35cae3027961c0d0f178 [1ms]
[2022-09-27T10:54:39.060Z] > git show --textconv :node_modules/babel-loader/package.json [6ms]
[2022-09-27T10:54:39.061Z] > git ls-files --stage -- /home/coder/My-blog/node_modules/babel-loader/package.json [1ms]
[2022-09-27T10:54:58.516Z] > git show --textconv :package.json [7ms]
[2022-09-27T10:54:58.517Z] > git ls-files --stage -- /home/coder/My-blog/package.json [2ms]
[2022-09-27T10:54:58.523Z] > git cat-file -s 4b11d1a1759a96a23a0d35cae3027961c0d0f178 [1ms]
[2022-09-27T10:55:12.850Z] > git show --textconv :node_modules/babel-loader/package.json [9ms]
[2022-09-27T10:55:12.850Z] > git ls-files --stage -- /home/coder/My-blog/node_modules/babel-loader/package.json [3ms]
[2022-09-27T10:55:27.150Z] > git show --textconv :package.json [7ms]
[2022-09-27T10:55:27.150Z] > git ls-files --stage -- /home/coder/My-blog/package.json [1ms]
[2022-09-27T10:55:27.157Z] > git cat-file -s 4b11d1a1759a96a23a0d35cae3027961c0d0f178 [1ms]
[2022-09-27T10:56:29.665Z] > git show --textconv :node_modules/babel-loader/package.json [7ms]
[2022-09-27T10:56:29.665Z] > git ls-files --stage -- /home/coder/My-blog/node_modules/babel-loader/package.json [1ms]
[2022-09-27T10:56:31.895Z] > git show --textconv :package.json [7ms]
[2022-09-27T10:56:31.896Z] > git ls-files --stage -- /home/coder/My-blog/package.json [1ms]
[2022-09-27T10:56:31.902Z] > git cat-file -s 4b11d1a1759a96a23a0d35cae3027961c0d0f178 [1ms]
[2022-09-27T11:00:44.592Z] > git check-ignore -v -z --stdin [0ms]
