[2022-10-03T04:48:47.544Z] Log level: Info
[2022-10-03T04:48:47.550Z] [info] Validating found git in: git
[2022-10-03T04:48:47.589Z] [info] Using git 2.30.2 from git
[2022-10-03T04:48:47.615Z] > git rev-parse --show-toplevel [7ms]
[2022-10-03T04:48:47.615Z] fatal: not a git repository (or any of the parent directories): .git
[2022-10-03T04:48:47.629Z] > git rev-parse --show-toplevel [1ms]
[2022-10-03T04:48:47.629Z] fatal: not a git repository (or any of the parent directories): .git
[2022-10-03T04:48:47.637Z] > git rev-parse --show-toplevel [2ms]
[2022-10-03T04:48:47.637Z] fatal: not a git repository (or any of the parent directories): .git
[2022-10-03T04:48:47.648Z] > git rev-parse --show-toplevel [2ms]
[2022-10-03T04:48:47.648Z] fatal: not a git repository (or any of the parent directories): .git
[2022-10-03T04:48:47.655Z] > git rev-parse --show-toplevel [1ms]
[2022-10-03T04:48:47.655Z] fatal: not a git repository (or any of the parent directories): .git
[2022-10-03T04:48:47.662Z] > git rev-parse --show-toplevel [1ms]
[2022-10-03T04:48:47.662Z] fatal: not a git repository (or any of the parent directories): .git
[2022-10-03T04:48:47.669Z] > git rev-parse --show-toplevel [1ms]
[2022-10-03T04:48:47.677Z] > git rev-parse --git-dir --git-common-dir [1ms]
[2022-10-03T04:48:47.692Z] [info] Open repository: /home/coder/My-blog
[2022-10-03T04:48:47.716Z] > git status -z -uall [14ms]
[2022-10-03T04:48:47.723Z] > git symbolic-ref --short HEAD [1ms]
[2022-10-03T04:48:47.730Z] > git for-each-ref --format=%(refname)%00%(upstream:short)%00%(objectname)%00%(upstream:track)%00%(upstream:remotename)%00%(upstream:remoteref) refs/heads/master refs/remotes/master [2ms]
[2022-10-03T04:48:47.744Z] > git remote --verbose [3ms]
[2022-10-03T04:48:47.745Z] > git for-each-ref --sort -committerdate --format %(refname) %(objectname) %(*objectname) [9ms]
[2022-10-03T04:48:47.759Z] > git config --get commit.template [2ms]
[2022-10-03T04:48:47.775Z] > git status -z -uall [9ms]
[2022-10-03T04:48:47.782Z] > git symbolic-ref --short HEAD [1ms]
[2022-10-03T04:48:47.792Z] > git for-each-ref --format=%(refname)%00%(upstream:short)%00%(objectname)%00%(upstream:track)%00%(upstream:remotename)%00%(upstream:remoteref) refs/heads/master refs/remotes/master [5ms]
[2022-10-03T04:48:47.805Z] > git remote --verbose [2ms]
[2022-10-03T04:48:47.805Z] > git for-each-ref --sort -committerdate --format %(refname) %(objectname) %(*objectname) [9ms]
[2022-10-03T04:48:47.814Z] > git config --get commit.template [1ms]
[2022-10-03T04:48:48.221Z] > git check-ignore -v -z --stdin [2ms]
[2022-10-03T04:48:54.591Z] > git check-ignore -v -z --stdin [0ms]
[2022-10-03T04:48:55.489Z] > git check-ignore -v -z --stdin [1ms]
[2022-10-03T04:48:56.339Z] > git show --textconv :src/App.js [21ms]
[2022-10-03T04:48:56.340Z] > git ls-files --stage -- /home/coder/My-blog/src/App.js [2ms]
[2022-10-03T04:48:56.348Z] > git cat-file -s de31fa398d71b1b731f3867f56cfe9b0cf85820d [1ms]
[2022-10-03T04:50:13.598Z] > git show --textconv :src/App.css [7ms]
[2022-10-03T04:50:13.599Z] > git ls-files --stage -- /home/coder/My-blog/src/App.css [2ms]
[2022-10-03T04:50:13.605Z] > git cat-file -s 281bbf530898a40e02d38beed957fb8841c15897 [2ms]
