[2022-10-08T12:05:42.763Z] Log level: Info
[2022-10-08T12:05:42.775Z] [info] Validating found git in: git
[2022-10-08T12:05:42.838Z] [info] Using git 2.30.2 from git
[2022-10-08T12:05:42.919Z] > git rev-parse --show-toplevel [60ms]
[2022-10-08T12:05:42.919Z] fatal: not a git repository (or any of the parent directories): .git
[2022-10-08T12:05:42.955Z] > git rev-parse --show-toplevel [9ms]
[2022-10-08T12:05:42.966Z] > git rev-parse --git-dir --git-common-dir [2ms]
[2022-10-08T12:05:42.981Z] [info] Open repository: /home/coder/My-blog
[2022-10-08T12:05:43.010Z] > git status -z -uall [12ms]
[2022-10-08T12:05:43.021Z] > git rev-parse --show-toplevel [14ms]
[2022-10-08T12:05:43.021Z] fatal: not a git repository (or any of the parent directories): .git
[2022-10-08T12:05:43.026Z] > git symbolic-ref --short HEAD [7ms]
[2022-10-08T12:05:43.076Z] > git for-each-ref --format=%(refname)%00%(upstream:short)%00%(objectname)%00%(upstream:track)%00%(upstream:remotename)%00%(upstream:remoteref) refs/heads/master refs/remotes/master [43ms]
[2022-10-08T12:05:43.095Z] > git for-each-ref --sort -committerdate --format %(refname) %(objectname) %(*objectname) [11ms]
[2022-10-08T12:05:43.114Z] > git remote --verbose [21ms]
[2022-10-08T12:05:43.137Z] > git config --get commit.template [3ms]
[2022-10-08T12:05:43.155Z] > git status -z -uall [8ms]
[2022-10-08T12:05:43.165Z] > git symbolic-ref --short HEAD [3ms]
[2022-10-08T12:05:43.185Z] > git for-each-ref --format=%(refname)%00%(upstream:short)%00%(objectname)%00%(upstream:track)%00%(upstream:remotename)%00%(upstream:remoteref) refs/heads/master refs/remotes/master [7ms]
[2022-10-08T12:05:43.203Z] > git for-each-ref --sort -committerdate --format %(refname) %(objectname) %(*objectname) [10ms]
[2022-10-08T12:05:43.206Z] > git remote --verbose [4ms]
[2022-10-08T12:05:43.241Z] > git config --get commit.template [1ms]
[2022-10-08T12:05:43.690Z] > git check-ignore -v -z --stdin [49ms]
[2022-10-08T12:05:43.692Z] > git rev-parse --show-toplevel [5ms]
[2022-10-08T12:05:43.692Z] fatal: not a git repository (or any of the parent directories): .git
[2022-10-08T12:05:43.759Z] > git ls-files --stage -- /home/coder/My-blog/src/App.js [1ms]
[2022-10-08T12:05:43.771Z] > git show --textconv :src/App.js [23ms]
[2022-10-08T12:05:43.771Z] > git cat-file -s 88c7925fafa3272b285bccdda8ad7b8475ea1d95 [5ms]
[2022-10-08T12:07:58.873Z] > git check-ignore -v -z --stdin [1ms]
[2022-10-08T12:08:11.842Z] > git show --textconv :public/index.html [5ms]
[2022-10-08T12:08:11.845Z] > git ls-files --stage -- /home/coder/My-blog/public/index.html [3ms]
[2022-10-08T12:08:11.852Z] > git cat-file -s aa069f27cbd9d53394428171c3989fd03db73c76 [1ms]
[2022-10-08T12:08:19.798Z] > git show --textconv :public/manifest.json [7ms]
[2022-10-08T12:08:19.800Z] > git ls-files --stage -- /home/coder/My-blog/public/manifest.json [2ms]
[2022-10-08T12:08:19.807Z] > git cat-file -s 080d6c77ac21bb2ef88a6992b2b73ad93daaca92 [2ms]
[2022-10-08T12:08:22.687Z] > git show --textconv :public/robots.txt [6ms]
[2022-10-08T12:08:22.688Z] > git ls-files --stage -- /home/coder/My-blog/public/robots.txt [2ms]
[2022-10-08T12:08:22.693Z] > git cat-file -s e9e57dc4d41b9b46e05112e9f45b7ea6ac0ba15e [1ms]
[2022-10-08T12:08:47.678Z] > git show --textconv :node_modules/react-scripts/scripts/start.js [15ms]
[2022-10-08T12:08:47.686Z] > git ls-files --stage -- /home/coder/My-blog/node_modules/react-scripts/scripts/start.js [9ms]
[2022-10-08T12:08:47.890Z] > git check-ignore -v -z --stdin [3ms]
[2022-10-08T12:08:48.677Z] > git check-ignore -v -z --stdin [1ms]
[2022-10-08T12:13:51.098Z] > git check-ignore -v -z --stdin [1ms]
[2022-10-08T12:13:55.581Z] > git check-ignore -v -z --stdin [1ms]
[2022-10-08T12:13:57.687Z] > git check-ignore -v -z --stdin [2ms]
[2022-10-08T12:13:59.805Z] > git show --textconv :src/App.js [8ms]
[2022-10-08T12:13:59.807Z] > git ls-files --stage -- /home/coder/My-blog/src/App.js [2ms]
[2022-10-08T12:13:59.820Z] > git cat-file -s 88c7925fafa3272b285bccdda8ad7b8475ea1d95 [4ms]
[2022-10-08T12:14:44.597Z] > git show --textconv :package.json [14ms]
[2022-10-08T12:14:44.600Z] > git ls-files --stage -- /home/coder/My-blog/package.json [4ms]
[2022-10-08T12:14:44.609Z] > git cat-file -s 6aa486a2ab7c96c7cdc48754089caaa646e0615e [2ms]
[2022-10-08T12:15:43.108Z] > git ls-files --stage -- /home/coder/My-blog/package-lock.json [1ms]
[2022-10-08T12:15:43.116Z] > git cat-file -s 923334a41e0ff16bc42a7c95226a4023876a9356 [2ms]
[2022-10-08T12:15:43.129Z] > git show --textconv :package-lock.json [29ms]
[2022-10-08T12:16:05.686Z] > git show --textconv :package.json [6ms]
[2022-10-08T12:16:05.687Z] > git ls-files --stage -- /home/coder/My-blog/package.json [2ms]
[2022-10-08T12:16:05.693Z] > git cat-file -s 6aa486a2ab7c96c7cdc48754089caaa646e0615e [1ms]
[2022-10-08T12:16:17.943Z] > git show --textconv :.gitignore [10ms]
[2022-10-08T12:16:17.949Z] > git ls-files --stage -- /home/coder/My-blog/.gitignore [8ms]
[2022-10-08T12:16:17.960Z] > git cat-file -s 4d29575de80483b005c29bfcac5061cd2f45313e [2ms]
[2022-10-08T12:16:18.385Z] > git show --textconv :src/setupTests.js [7ms]
[2022-10-08T12:16:18.386Z] > git ls-files --stage -- /home/coder/My-blog/src/setupTests.js [1ms]
[2022-10-08T12:16:18.394Z] > git cat-file -s 8f2609b7b3e0e3897ab3bcaad13caf6876e48699 [2ms]
[2022-10-08T12:16:19.180Z] > git show --textconv :src/reportWebVitals.js [26ms]
[2022-10-08T12:16:19.191Z] > git ls-files --stage -- /home/coder/My-blog/src/reportWebVitals.js [12ms]
[2022-10-08T12:16:19.211Z] > git cat-file -s 5253d3ad9e6be6690549cb255f5952337b02401d [5ms]
